<?xml version="1.0" encoding="UTF-8"?>
<robot generator="Robot 4.1.2 (Python 3.8.8 on win32)" generated="20220621 20:01:25.908" rpa="false" schemaversion="2">
<suite id="s1" name="Test" source="D:\Robot Framework\Test">
<suite id="s1-s1" name="TestDemo1" source="D:\Robot Framework\Test\TestDemo1.robot">
<test id="s1-s1-t1" name="Validate Login">
<kw name="Run Keywords" library="BuiltIn" type="SETUP">
<arg>Open Browser</arg>
<arg>https://rahulshettyacademy.com/loginpagePractise/</arg>
<arg>chrome</arg>
<arg>AND</arg>
<arg>maximize browser window</arg>
<doc>Executes all the given keywords in a sequence.</doc>
<kw name="Open Browser" library="SeleniumLibrary">
<arg>https://rahulshettyacademy.com/loginpagePractise/</arg>
<arg>chrome</arg>
<doc>Opens a new browser instance to the optional ``url``.</doc>
<msg timestamp="20220621 20:01:26.447" level="INFO">Opening browser 'chrome' to base url 'https://rahulshettyacademy.com/loginpagePractise/'.</msg>
<status status="PASS" starttime="20220621 20:01:26.447" endtime="20220621 20:01:29.336"/>
</kw>
<kw name="Maximize Browser Window" library="SeleniumLibrary">
<doc>Maximizes current browser window.</doc>
<status status="PASS" starttime="20220621 20:01:29.336" endtime="20220621 20:01:29.476"/>
</kw>
<status status="PASS" starttime="20220621 20:01:26.446" endtime="20220621 20:01:29.476"/>
</kw>
<kw name="Login To RahulShetty">
<arg>${User}</arg>
<arg>${Pass}</arg>
<arg>${Success}</arg>
<doc>Keyword used for Login</doc>
<kw name="Input Text" library="SeleniumLibrary">
<arg>${Username}</arg>
<arg>${uname}</arg>
<doc>Types the given ``text`` into the text field identified by ``locator``.</doc>
<msg timestamp="20220621 20:01:29.478" level="INFO">Typing text 'rahulshettyacademy' into text field 'username'.</msg>
<status status="PASS" starttime="20220621 20:01:29.477" endtime="20220621 20:01:29.752"/>
</kw>
<kw name="Input Password" library="SeleniumLibrary">
<arg>${Password}</arg>
<arg>${pword}</arg>
<doc>Types the given password into the text field identified by ``locator``.</doc>
<msg timestamp="20220621 20:01:29.753" level="INFO">Typing password into text field 'password'.</msg>
<msg timestamp="20220621 20:01:29.819" level="INFO">Temporally setting log level to: NONE</msg>
<msg timestamp="20220621 20:01:29.878" level="INFO">Log level changed from NONE to INFO.</msg>
<status status="PASS" starttime="20220621 20:01:29.752" endtime="20220621 20:01:29.879"/>
</kw>
<kw name="Select Checkbox" library="SeleniumLibrary">
<arg>${TnC}</arg>
<doc>Selects the checkbox identified by ``locator``.</doc>
<msg timestamp="20220621 20:01:29.880" level="INFO">Selecting checkbox 'terms'.</msg>
<status status="PASS" starttime="20220621 20:01:29.879" endtime="20220621 20:01:29.967"/>
</kw>
<kw name="Click Button" library="SeleniumLibrary">
<arg>${SignIn}</arg>
<doc>Clicks the button identified by ``locator``.</doc>
<msg timestamp="20220621 20:01:29.968" level="INFO">Clicking button 'signInBtn'.</msg>
<status status="PASS" starttime="20220621 20:01:29.967" endtime="20220621 20:01:30.039"/>
</kw>
<kw name="Run Keyword And Return Status" library="BuiltIn">
<var>${bool}</var>
<arg>Capture Error Message</arg>
<arg>${Error_Message_Displayed}</arg>
<doc>Runs the given keyword with given arguments and returns the status as a Boolean value.</doc>
<kw name="Capture Error Message">
<arg>${Error_Message_Displayed}</arg>
<doc>This Keyword will capture Error Message</doc>
<kw name="Wait Until Element Is Visible" library="SeleniumLibrary">
<arg>${Error}</arg>
<arg>10</arg>
<doc>Waits until the element ``locator`` is visible.</doc>
<msg timestamp="20220621 20:02:06.291" level="INFO" html="true">&lt;/td&gt;&lt;/tr&gt;&lt;tr&gt;&lt;td colspan="3"&gt;&lt;a href="selenium-screenshot-8.png"&gt;&lt;img src="selenium-screenshot-8.png" width="800px"&gt;&lt;/a&gt;</msg>
<msg timestamp="20220621 20:02:06.297" level="FAIL">Element '//div[@class="alert alert-danger col-md-12"]' not visible after 10 seconds.</msg>
<status status="FAIL" starttime="20220621 20:01:30.040" endtime="20220621 20:02:06.297"/>
</kw>
<kw name="Get Text" library="SeleniumLibrary">
<var>${Error_Message}</var>
<arg>${Error}</arg>
<doc>Returns the text value of the element identified by ``locator``.</doc>
<status status="NOT RUN" starttime="20220621 20:02:06.297" endtime="20220621 20:02:06.298"/>
</kw>
<kw name="Should Be Equal As Strings" library="BuiltIn">
<arg>${Error_Message}</arg>
<arg>${Error_Message_Displayed}</arg>
<doc>Fails if objects are unequal after converting them to strings.</doc>
<status status="NOT RUN" starttime="20220621 20:02:06.298" endtime="20220621 20:02:06.298"/>
</kw>
<kw name="Log" library="BuiltIn">
<arg>${Error_Message}</arg>
<doc>Logs the given message with the given level.</doc>
<status status="NOT RUN" starttime="20220621 20:02:06.298" endtime="20220621 20:02:06.299"/>
</kw>
<status status="FAIL" starttime="20220621 20:01:30.039" endtime="20220621 20:02:06.300"/>
</kw>
<msg timestamp="20220621 20:02:06.301" level="INFO">${bool} = False</msg>
<status status="PASS" starttime="20220621 20:01:30.039" endtime="20220621 20:02:06.301"/>
</kw>
<kw name="Run Keyword If" library="BuiltIn">
<arg>${bool}</arg>
<arg>Log</arg>
<arg>Unsuccessful Login</arg>
<arg>ELSE</arg>
<arg>Log</arg>
<arg>Successful Login</arg>
<doc>Runs the given keyword with the given arguments, if ``condition`` is true.</doc>
<kw name="Log" library="BuiltIn">
<arg>Successful Login</arg>
<doc>Logs the given message with the given level.</doc>
<msg timestamp="20220621 20:02:06.302" level="INFO">Successful Login</msg>
<status status="PASS" starttime="20220621 20:02:06.302" endtime="20220621 20:02:06.302"/>
</kw>
<status status="PASS" starttime="20220621 20:02:06.301" endtime="20220621 20:02:06.302"/>
</kw>
<status status="PASS" starttime="20220621 20:01:29.476" endtime="20220621 20:02:06.303"/>
</kw>
<kw name="Close All Browsers" library="SeleniumLibrary" type="TEARDOWN">
<doc>Closes all open browsers and resets the browser cache.</doc>
<status status="PASS" starttime="20220621 20:02:06.303" endtime="20220621 20:02:08.918"/>
</kw>
<doc>Test Case for Login</doc>
<tag>Smoke</tag>
<status status="PASS" starttime="20220621 20:01:26.446" endtime="20220621 20:02:08.918"/>
</test>
<test id="s1-s1-t2" name="Validate Unsuccessful Login">
<kw name="Run Keywords" library="BuiltIn" type="SETUP">
<arg>Open Browser</arg>
<arg>https://rahulshettyacademy.com/loginpagePractise/</arg>
<arg>chrome</arg>
<arg>AND</arg>
<arg>maximize browser window</arg>
<doc>Executes all the given keywords in a sequence.</doc>
<kw name="Open Browser" library="SeleniumLibrary">
<arg>https://rahulshettyacademy.com/loginpagePractise/</arg>
<arg>chrome</arg>
<doc>Opens a new browser instance to the optional ``url``.</doc>
<msg timestamp="20220621 20:02:08.920" level="INFO">Opening browser 'chrome' to base url 'https://rahulshettyacademy.com/loginpagePractise/'.</msg>
<status status="PASS" starttime="20220621 20:02:08.920" endtime="20220621 20:02:12.295"/>
</kw>
<kw name="Maximize Browser Window" library="SeleniumLibrary">
<doc>Maximizes current browser window.</doc>
<status status="PASS" starttime="20220621 20:02:12.295" endtime="20220621 20:02:12.424"/>
</kw>
<status status="PASS" starttime="20220621 20:02:08.920" endtime="20220621 20:02:12.424"/>
</kw>
<kw name="Login To RahulShetty">
<arg>${User}</arg>
<arg>${WPass}</arg>
<arg>${Failure}</arg>
<doc>Keyword used for Login</doc>
<kw name="Input Text" library="SeleniumLibrary">
<arg>${Username}</arg>
<arg>${uname}</arg>
<doc>Types the given ``text`` into the text field identified by ``locator``.</doc>
<msg timestamp="20220621 20:02:12.427" level="INFO">Typing text 'rahulshettyacademy' into text field 'username'.</msg>
<status status="PASS" starttime="20220621 20:02:12.425" endtime="20220621 20:02:12.637"/>
</kw>
<kw name="Input Password" library="SeleniumLibrary">
<arg>${Password}</arg>
<arg>${pword}</arg>
<doc>Types the given password into the text field identified by ``locator``.</doc>
<msg timestamp="20220621 20:02:12.638" level="INFO">Typing password into text field 'password'.</msg>
<msg timestamp="20220621 20:02:12.699" level="INFO">Temporally setting log level to: NONE</msg>
<msg timestamp="20220621 20:02:12.760" level="INFO">Log level changed from NONE to INFO.</msg>
<status status="PASS" starttime="20220621 20:02:12.637" endtime="20220621 20:02:12.761"/>
</kw>
<kw name="Select Checkbox" library="SeleniumLibrary">
<arg>${TnC}</arg>
<doc>Selects the checkbox identified by ``locator``.</doc>
<msg timestamp="20220621 20:02:12.761" level="INFO">Selecting checkbox 'terms'.</msg>
<status status="PASS" starttime="20220621 20:02:12.761" endtime="20220621 20:02:12.832"/>
</kw>
<kw name="Click Button" library="SeleniumLibrary">
<arg>${SignIn}</arg>
<doc>Clicks the button identified by ``locator``.</doc>
<msg timestamp="20220621 20:02:12.832" level="INFO">Clicking button 'signInBtn'.</msg>
<status status="PASS" starttime="20220621 20:02:12.832" endtime="20220621 20:02:12.894"/>
</kw>
<kw name="Run Keyword And Return Status" library="BuiltIn">
<var>${bool}</var>
<arg>Capture Error Message</arg>
<arg>${Error_Message_Displayed}</arg>
<doc>Runs the given keyword with given arguments and returns the status as a Boolean value.</doc>
<kw name="Capture Error Message">
<arg>${Error_Message_Displayed}</arg>
<doc>This Keyword will capture Error Message</doc>
<kw name="Wait Until Element Is Visible" library="SeleniumLibrary">
<arg>${Error}</arg>
<arg>10</arg>
<doc>Waits until the element ``locator`` is visible.</doc>
<status status="PASS" starttime="20220621 20:02:12.895" endtime="20220621 20:02:15.039"/>
</kw>
<kw name="Get Text" library="SeleniumLibrary">
<var>${Error_Message}</var>
<arg>${Error}</arg>
<doc>Returns the text value of the element identified by ``locator``.</doc>
<msg timestamp="20220621 20:02:15.077" level="INFO">${Error_Message} = Incorrect username/password.</msg>
<status status="PASS" starttime="20220621 20:02:15.039" endtime="20220621 20:02:15.077"/>
</kw>
<kw name="Should Be Equal As Strings" library="BuiltIn">
<arg>${Error_Message}</arg>
<arg>${Error_Message_Displayed}</arg>
<doc>Fails if objects are unequal after converting them to strings.</doc>
<status status="PASS" starttime="20220621 20:02:15.077" endtime="20220621 20:02:15.078"/>
</kw>
<kw name="Log" library="BuiltIn">
<arg>${Error_Message}</arg>
<doc>Logs the given message with the given level.</doc>
<msg timestamp="20220621 20:02:15.079" level="INFO">Incorrect username/password.</msg>
<status status="PASS" starttime="20220621 20:02:15.079" endtime="20220621 20:02:15.079"/>
</kw>
<status status="PASS" starttime="20220621 20:02:12.895" endtime="20220621 20:02:15.079"/>
</kw>
<msg timestamp="20220621 20:02:15.080" level="INFO">${bool} = True</msg>
<status status="PASS" starttime="20220621 20:02:12.894" endtime="20220621 20:02:15.080"/>
</kw>
<kw name="Run Keyword If" library="BuiltIn">
<arg>${bool}</arg>
<arg>Log</arg>
<arg>Unsuccessful Login</arg>
<arg>ELSE</arg>
<arg>Log</arg>
<arg>Successful Login</arg>
<doc>Runs the given keyword with the given arguments, if ``condition`` is true.</doc>
<kw name="Log" library="BuiltIn">
<arg>Unsuccessful Login</arg>
<doc>Logs the given message with the given level.</doc>
<msg timestamp="20220621 20:02:15.081" level="INFO">Unsuccessful Login</msg>
<status status="PASS" starttime="20220621 20:02:15.080" endtime="20220621 20:02:15.081"/>
</kw>
<status status="PASS" starttime="20220621 20:02:15.080" endtime="20220621 20:02:15.081"/>
</kw>
<status status="PASS" starttime="20220621 20:02:12.424" endtime="20220621 20:02:15.081"/>
</kw>
<kw name="Close All Browsers" library="SeleniumLibrary" type="TEARDOWN">
<doc>Closes all open browsers and resets the browser cache.</doc>
<status status="PASS" starttime="20220621 20:02:15.082" endtime="20220621 20:02:17.290"/>
</kw>
<doc>Test Case for Login</doc>
<tag>Smoke</tag>
<status status="PASS" starttime="20220621 20:02:08.919" endtime="20220621 20:02:17.291"/>
</test>
<doc>This page is for testing</doc>
<status status="PASS" starttime="20220621 20:01:25.952" endtime="20220621 20:02:17.291"/>
</suite>
<suite id="s1-s2" name="TestDemo2" source="D:\Robot Framework\Test\TestDemo2.robot">
<test id="s1-s2-t1" name="Validate Login">
<kw name="Run Keywords" library="BuiltIn" type="SETUP">
<arg>Open Browser</arg>
<arg>https://rahulshettyacademy.com/loginpagePractise/</arg>
<arg>chrome</arg>
<arg>AND</arg>
<arg>maximize browser window</arg>
<doc>Executes all the given keywords in a sequence.</doc>
<kw name="Open Browser" library="SeleniumLibrary">
<arg>https://rahulshettyacademy.com/loginpagePractise/</arg>
<arg>chrome</arg>
<doc>Opens a new browser instance to the optional ``url``.</doc>
<msg timestamp="20220621 20:02:17.323" level="INFO">Opening browser 'chrome' to base url 'https://rahulshettyacademy.com/loginpagePractise/'.</msg>
<status status="PASS" starttime="20220621 20:02:17.322" endtime="20220621 20:02:19.730"/>
</kw>
<kw name="Maximize Browser Window" library="SeleniumLibrary">
<doc>Maximizes current browser window.</doc>
<status status="PASS" starttime="20220621 20:02:19.730" endtime="20220621 20:02:19.891"/>
</kw>
<status status="PASS" starttime="20220621 20:02:17.322" endtime="20220621 20:02:19.891"/>
</kw>
<kw name="Login To RahulShetty" library="Resources">
<arg>${User}</arg>
<arg>${Pass}</arg>
<arg>${Success}</arg>
<doc>Keyword used for Login</doc>
<kw name="Input Text" library="SeleniumLibrary">
<arg>${Username}</arg>
<arg>${uname}</arg>
<doc>Types the given ``text`` into the text field identified by ``locator``.</doc>
<msg timestamp="20220621 20:02:19.896" level="INFO">Typing text 'rahulshettyacademy' into text field 'username'.</msg>
<status status="PASS" starttime="20220621 20:02:19.894" endtime="20220621 20:02:20.149"/>
</kw>
<kw name="Input Password" library="SeleniumLibrary">
<arg>${Password}</arg>
<arg>${pword}</arg>
<doc>Types the given password into the text field identified by ``locator``.</doc>
<msg timestamp="20220621 20:02:20.150" level="INFO">Typing password into text field 'password'.</msg>
<msg timestamp="20220621 20:02:20.211" level="INFO">Temporally setting log level to: NONE</msg>
<msg timestamp="20220621 20:02:20.266" level="INFO">Log level changed from NONE to INFO.</msg>
<status status="PASS" starttime="20220621 20:02:20.150" endtime="20220621 20:02:20.266"/>
</kw>
<kw name="Select Checkbox" library="SeleniumLibrary">
<arg>${TnC}</arg>
<doc>Selects the checkbox identified by ``locator``.</doc>
<msg timestamp="20220621 20:02:20.267" level="INFO">Selecting checkbox 'terms'.</msg>
<status status="PASS" starttime="20220621 20:02:20.266" endtime="20220621 20:02:20.337"/>
</kw>
<kw name="Click Button" library="SeleniumLibrary">
<arg>${SignIn}</arg>
<doc>Clicks the button identified by ``locator``.</doc>
<msg timestamp="20220621 20:02:20.337" level="INFO">Clicking button 'signInBtn'.</msg>
<status status="PASS" starttime="20220621 20:02:20.337" endtime="20220621 20:02:20.400"/>
</kw>
<kw name="Run Keyword And Return Status" library="BuiltIn">
<var>${bool}</var>
<arg>Capture Error Message</arg>
<arg>${Error_Message_Displayed}</arg>
<doc>Runs the given keyword with given arguments and returns the status as a Boolean value.</doc>
<kw name="Capture Error Message" library="Resources">
<arg>${Error_Message_Displayed}</arg>
<doc>This Keyword will capture Error Message</doc>
<kw name="Wait Until Element Is Visible" library="SeleniumLibrary">
<arg>${Error}</arg>
<arg>3</arg>
<doc>Waits until the element ``locator`` is visible.</doc>
<msg timestamp="20220621 20:02:24.719" level="INFO" html="true">&lt;/td&gt;&lt;/tr&gt;&lt;tr&gt;&lt;td colspan="3"&gt;&lt;a href="selenium-screenshot-9.png"&gt;&lt;img src="selenium-screenshot-9.png" width="800px"&gt;&lt;/a&gt;</msg>
<msg timestamp="20220621 20:02:24.721" level="FAIL">Element '//div[@class="alert alert-danger col-md-12"]' not visible after 3 seconds.</msg>
<status status="FAIL" starttime="20220621 20:02:20.401" endtime="20220621 20:02:24.721"/>
</kw>
<kw name="Get Text" library="SeleniumLibrary">
<var>${Error_Message}</var>
<arg>${Error}</arg>
<doc>Returns the text value of the element identified by ``locator``.</doc>
<status status="NOT RUN" starttime="20220621 20:02:24.721" endtime="20220621 20:02:24.722"/>
</kw>
<kw name="Should Be Equal As Strings" library="BuiltIn">
<arg>${Error_Message}</arg>
<arg>${Error_Message_Displayed}</arg>
<doc>Fails if objects are unequal after converting them to strings.</doc>
<status status="NOT RUN" starttime="20220621 20:02:24.722" endtime="20220621 20:02:24.722"/>
</kw>
<kw name="Log" library="BuiltIn">
<arg>${Error_Message}</arg>
<doc>Logs the given message with the given level.</doc>
<status status="NOT RUN" starttime="20220621 20:02:24.722" endtime="20220621 20:02:24.722"/>
</kw>
<status status="FAIL" starttime="20220621 20:02:20.401" endtime="20220621 20:02:24.723"/>
</kw>
<msg timestamp="20220621 20:02:24.723" level="INFO">${bool} = False</msg>
<status status="PASS" starttime="20220621 20:02:20.401" endtime="20220621 20:02:24.723"/>
</kw>
<kw name="Run Keyword If" library="BuiltIn">
<arg>${bool}</arg>
<arg>Log</arg>
<arg>Unsuccessful Login</arg>
<arg>ELSE</arg>
<arg>Log</arg>
<arg>Successful Login</arg>
<doc>Runs the given keyword with the given arguments, if ``condition`` is true.</doc>
<kw name="Log" library="BuiltIn">
<arg>Successful Login</arg>
<doc>Logs the given message with the given level.</doc>
<msg timestamp="20220621 20:02:24.724" level="INFO">Successful Login</msg>
<status status="PASS" starttime="20220621 20:02:24.724" endtime="20220621 20:02:24.724"/>
</kw>
<status status="PASS" starttime="20220621 20:02:24.723" endtime="20220621 20:02:24.724"/>
</kw>
<status status="PASS" starttime="20220621 20:02:19.891" endtime="20220621 20:02:24.724"/>
</kw>
<kw name="Validate Card Titles" library="Resources">
<arg>@{Items}</arg>
<doc>This Keyword will validate Card Titles</doc>
<kw name="Get WebElements" library="SeleniumLibrary">
<var>${Locators}</var>
<arg>${Card_Titles_Locators}</arg>
<doc>Returns a list of WebElement objects matching the ``locator``.</doc>
<msg timestamp="20220621 20:02:24.743" level="INFO">${Locators} = [&lt;selenium.webdriver.remote.webelement.WebElement (session="11fd45a869bbd833e8c388900e4f4541", element="995d9765-a663-4d7f-bd85-28eefeb4c7e2")&gt;, &lt;selenium.webdriver.remote.webelement.WebElement (sessi...</msg>
<status status="PASS" starttime="20220621 20:02:24.725" endtime="20220621 20:02:24.743"/>
</kw>
<for flavor="IN ZIP">
<var>${CT}</var>
<var>${CTL}</var>
<value>${Card_Titles}</value>
<value>${Locators}</value>
<iter>
<var name="${CT}">iphone X</var>
<var name="${CTL}">&lt;selenium.webdriver.remote.webelement.WebElement (session="11fd45a869bbd833e8c388900e4f4541", element="995d9765-a663-4d7f-bd85-28eefeb4c7e2")&gt;</var>
<kw name="Log" library="BuiltIn">
<arg>${CTL.text}</arg>
<doc>Logs the given message with the given level.</doc>
<msg timestamp="20220621 20:02:24.763" level="INFO">iphone X</msg>
<status status="PASS" starttime="20220621 20:02:24.744" endtime="20220621 20:02:24.763"/>
</kw>
<kw name="Element Text Should Be" library="SeleniumLibrary">
<arg>${CTL}</arg>
<arg>${CT}</arg>
<doc>Verifies that element ``locator`` contains exact the text ``expected``.</doc>
<msg timestamp="20220621 20:02:24.764" level="INFO">Verifying element '&lt;selenium.webdriver.remote.webelement.WebElement (session="11fd45a869bbd833e8c388900e4f4541", element="995d9765-a663-4d7f-bd85-28eefeb4c7e2")&gt;' contains exact text 'iphone X'.</msg>
<status status="PASS" starttime="20220621 20:02:24.763" endtime="20220621 20:02:24.773"/>
</kw>
<status status="PASS" starttime="20220621 20:02:24.744" endtime="20220621 20:02:24.773"/>
</iter>
<iter>
<var name="${CT}">Samsung Note 8</var>
<var name="${CTL}">&lt;selenium.webdriver.remote.webelement.WebElement (session="11fd45a869bbd833e8c388900e4f4541", element="f0c3e756-ea67-4d7a-90fe-ba488f0cc1d2")&gt;</var>
<kw name="Log" library="BuiltIn">
<arg>${CTL.text}</arg>
<doc>Logs the given message with the given level.</doc>
<msg timestamp="20220621 20:02:24.801" level="INFO">Samsung Note 8</msg>
<status status="PASS" starttime="20220621 20:02:24.773" endtime="20220621 20:02:24.801"/>
</kw>
<kw name="Element Text Should Be" library="SeleniumLibrary">
<arg>${CTL}</arg>
<arg>${CT}</arg>
<doc>Verifies that element ``locator`` contains exact the text ``expected``.</doc>
<msg timestamp="20220621 20:02:24.802" level="INFO">Verifying element '&lt;selenium.webdriver.remote.webelement.WebElement (session="11fd45a869bbd833e8c388900e4f4541", element="f0c3e756-ea67-4d7a-90fe-ba488f0cc1d2")&gt;' contains exact text 'Samsung Note 8'.</msg>
<status status="PASS" starttime="20220621 20:02:24.802" endtime="20220621 20:02:24.810"/>
</kw>
<status status="PASS" starttime="20220621 20:02:24.773" endtime="20220621 20:02:24.810"/>
</iter>
<iter>
<var name="${CT}">Nokia</var>
<var name="${CTL}">&lt;selenium.webdriver.remote.webelement.WebElement (session="11fd45a869bbd833e8c388900e4f4541", element="8eaa6219-180e-4604-9df1-760247b5eaac")&gt;</var>
<kw name="Log" library="BuiltIn">
<arg>${CTL.text}</arg>
<doc>Logs the given message with the given level.</doc>
<msg timestamp="20220621 20:02:24.839" level="INFO">Nokia Edge</msg>
<status status="PASS" starttime="20220621 20:02:24.810" endtime="20220621 20:02:24.839"/>
</kw>
<kw name="Element Text Should Be" library="SeleniumLibrary">
<arg>${CTL}</arg>
<arg>${CT}</arg>
<doc>Verifies that element ``locator`` contains exact the text ``expected``.</doc>
<msg timestamp="20220621 20:02:24.840" level="INFO">Verifying element '&lt;selenium.webdriver.remote.webelement.WebElement (session="11fd45a869bbd833e8c388900e4f4541", element="8eaa6219-180e-4604-9df1-760247b5eaac")&gt;' contains exact text 'Nokia'.</msg>
<msg timestamp="20220621 20:02:25.160" level="INFO" html="true">&lt;/td&gt;&lt;/tr&gt;&lt;tr&gt;&lt;td colspan="3"&gt;&lt;a href="selenium-screenshot-10.png"&gt;&lt;img src="selenium-screenshot-10.png" width="800px"&gt;&lt;/a&gt;</msg>
<msg timestamp="20220621 20:02:25.162" level="FAIL">The text of element '&lt;selenium.webdriver.remote.webelement.WebElement (session="11fd45a869bbd833e8c388900e4f4541", element="8eaa6219-180e-4604-9df1-760247b5eaac")&gt;' should have been 'Nokia' but it was 'Nokia Edge'.</msg>
<status status="FAIL" starttime="20220621 20:02:24.839" endtime="20220621 20:02:25.162"/>
</kw>
<status status="FAIL" starttime="20220621 20:02:24.810" endtime="20220621 20:02:25.163"/>
</iter>
<status status="FAIL" starttime="20220621 20:02:24.743" endtime="20220621 20:02:25.163"/>
</for>
<status status="FAIL" starttime="20220621 20:02:24.724" endtime="20220621 20:02:25.164"/>
</kw>
<kw name="Close All Browsers" library="SeleniumLibrary" type="TEARDOWN">
<doc>Closes all open browsers and resets the browser cache.</doc>
<status status="PASS" starttime="20220621 20:02:25.164" endtime="20220621 20:02:27.450"/>
</kw>
<doc>Test Case for Login</doc>
<tag>SmokeDemo</tag>
<status status="FAIL" starttime="20220621 20:02:17.321" endtime="20220621 20:02:27.450">The text of element '&lt;selenium.webdriver.remote.webelement.WebElement (session="11fd45a869bbd833e8c388900e4f4541", element="8eaa6219-180e-4604-9df1-760247b5eaac")&gt;' should have been 'Nokia' but it was 'Nokia Edge'.</status>
</test>
<test id="s1-s2-t2" name="Validate Login As A User">
<kw name="Run Keywords" library="BuiltIn" type="SETUP">
<arg>Open Browser</arg>
<arg>https://rahulshettyacademy.com/loginpagePractise/</arg>
<arg>chrome</arg>
<arg>AND</arg>
<arg>maximize browser window</arg>
<doc>Executes all the given keywords in a sequence.</doc>
<kw name="Open Browser" library="SeleniumLibrary">
<arg>https://rahulshettyacademy.com/loginpagePractise/</arg>
<arg>chrome</arg>
<doc>Opens a new browser instance to the optional ``url``.</doc>
<msg timestamp="20220621 20:02:27.453" level="INFO">Opening browser 'chrome' to base url 'https://rahulshettyacademy.com/loginpagePractise/'.</msg>
<status status="PASS" starttime="20220621 20:02:27.453" endtime="20220621 20:02:30.397"/>
</kw>
<kw name="Maximize Browser Window" library="SeleniumLibrary">
<doc>Maximizes current browser window.</doc>
<status status="PASS" starttime="20220621 20:02:30.397" endtime="20220621 20:02:30.573"/>
</kw>
<status status="PASS" starttime="20220621 20:02:27.452" endtime="20220621 20:02:30.573"/>
</kw>
<kw name="Login To RahulShetty As User" library="Resources">
<arg>${User}</arg>
<arg>${Pass}</arg>
<arg>${User_Type}</arg>
<arg>${Success}</arg>
<doc>Keyword used for Login</doc>
<kw name="Input Text" library="SeleniumLibrary">
<arg>${Username}</arg>
<arg>${uname}</arg>
<doc>Types the given ``text`` into the text field identified by ``locator``.</doc>
<msg timestamp="20220621 20:02:30.575" level="INFO">Typing text 'rahulshettyacademy' into text field 'username'.</msg>
<status status="PASS" starttime="20220621 20:02:30.575" endtime="20220621 20:02:30.806"/>
</kw>
<kw name="Input Password" library="SeleniumLibrary">
<arg>${Password}</arg>
<arg>${pword}</arg>
<doc>Types the given password into the text field identified by ``locator``.</doc>
<msg timestamp="20220621 20:02:30.806" level="INFO">Typing password into text field 'password'.</msg>
<msg timestamp="20220621 20:02:30.866" level="INFO">Temporally setting log level to: NONE</msg>
<msg timestamp="20220621 20:02:30.932" level="INFO">Log level changed from NONE to INFO.</msg>
<status status="PASS" starttime="20220621 20:02:30.806" endtime="20220621 20:02:30.932"/>
</kw>
<kw name="Select Checkbox" library="SeleniumLibrary">
<arg>${TnC}</arg>
<doc>Selects the checkbox identified by ``locator``.</doc>
<msg timestamp="20220621 20:02:30.933" level="INFO">Selecting checkbox 'terms'.</msg>
<status status="PASS" starttime="20220621 20:02:30.932" endtime="20220621 20:02:31.018"/>
</kw>
<kw name="Select Radio Button" library="SeleniumLibrary">
<arg>${User_Types}</arg>
<arg>${User_Value}</arg>
<doc>Sets the radio button group ``group_name`` to ``value``.</doc>
<msg timestamp="20220621 20:02:31.019" level="INFO">Selecting 'user' from radio button 'radio'.</msg>
<status status="PASS" starttime="20220621 20:02:31.018" endtime="20220621 20:02:31.092"/>
</kw>
<kw name="Wait Until Element Is Visible" library="SeleniumLibrary">
<arg>${Pop_up}</arg>
<arg>3</arg>
<doc>Waits until the element ``locator`` is visible.</doc>
<status status="PASS" starttime="20220621 20:02:31.092" endtime="20220621 20:02:31.360"/>
</kw>
<kw name="Click Button" library="SeleniumLibrary">
<arg>${Okay_Option}</arg>
<doc>Clicks the button identified by ``locator``.</doc>
<msg timestamp="20220621 20:02:31.360" level="INFO">Clicking button 'okayBtn'.</msg>
<status status="PASS" starttime="20220621 20:02:31.360" endtime="20220621 20:02:31.431"/>
</kw>
<kw name="Select From List By Label" library="SeleniumLibrary">
<arg>${Type_Of_User}</arg>
<arg>${UserType}</arg>
<doc>Selects options from selection list ``locator`` by ``labels``.</doc>
<msg timestamp="20220621 20:02:31.432" level="INFO">Selecting options from selection list '//select[@class="form-control"]' by label Teacher.</msg>
<status status="PASS" starttime="20220621 20:02:31.432" endtime="20220621 20:02:31.510"/>
</kw>
<kw name="Click Button" library="SeleniumLibrary">
<arg>${SignIn}</arg>
<doc>Clicks the button identified by ``locator``.</doc>
<msg timestamp="20220621 20:02:31.511" level="INFO">Clicking button 'signInBtn'.</msg>
<status status="PASS" starttime="20220621 20:02:31.510" endtime="20220621 20:02:31.740"/>
</kw>
<kw name="Run Keyword And Return Status" library="BuiltIn">
<var>${bool}</var>
<arg>Capture Error Message</arg>
<arg>${Error_Message_Displayed}</arg>
<doc>Runs the given keyword with given arguments and returns the status as a Boolean value.</doc>
<kw name="Capture Error Message" library="Resources">
<arg>${Error_Message_Displayed}</arg>
<doc>This Keyword will capture Error Message</doc>
<kw name="Wait Until Element Is Visible" library="SeleniumLibrary">
<arg>${Error}</arg>
<arg>3</arg>
<doc>Waits until the element ``locator`` is visible.</doc>
<msg timestamp="20220621 20:03:01.184" level="INFO" html="true">&lt;/td&gt;&lt;/tr&gt;&lt;tr&gt;&lt;td colspan="3"&gt;&lt;a href="selenium-screenshot-11.png"&gt;&lt;img src="selenium-screenshot-11.png" width="800px"&gt;&lt;/a&gt;</msg>
<msg timestamp="20220621 20:03:01.186" level="FAIL">Element '//div[@class="alert alert-danger col-md-12"]' not visible after 3 seconds.</msg>
<status status="FAIL" starttime="20220621 20:02:31.741" endtime="20220621 20:03:01.186"/>
</kw>
<kw name="Get Text" library="SeleniumLibrary">
<var>${Error_Message}</var>
<arg>${Error}</arg>
<doc>Returns the text value of the element identified by ``locator``.</doc>
<status status="NOT RUN" starttime="20220621 20:03:01.187" endtime="20220621 20:03:01.187"/>
</kw>
<kw name="Should Be Equal As Strings" library="BuiltIn">
<arg>${Error_Message}</arg>
<arg>${Error_Message_Displayed}</arg>
<doc>Fails if objects are unequal after converting them to strings.</doc>
<status status="NOT RUN" starttime="20220621 20:03:01.187" endtime="20220621 20:03:01.187"/>
</kw>
<kw name="Log" library="BuiltIn">
<arg>${Error_Message}</arg>
<doc>Logs the given message with the given level.</doc>
<status status="NOT RUN" starttime="20220621 20:03:01.187" endtime="20220621 20:03:01.187"/>
</kw>
<status status="FAIL" starttime="20220621 20:02:31.741" endtime="20220621 20:03:01.188"/>
</kw>
<msg timestamp="20220621 20:03:01.189" level="INFO">${bool} = False</msg>
<status status="PASS" starttime="20220621 20:02:31.740" endtime="20220621 20:03:01.189"/>
</kw>
<kw name="Run Keyword If" library="BuiltIn">
<arg>${bool}</arg>
<arg>Log</arg>
<arg>Unsuccessful Login</arg>
<arg>ELSE</arg>
<arg>Log</arg>
<arg>Successful Login</arg>
<doc>Runs the given keyword with the given arguments, if ``condition`` is true.</doc>
<kw name="Log" library="BuiltIn">
<arg>Successful Login</arg>
<doc>Logs the given message with the given level.</doc>
<msg timestamp="20220621 20:03:01.190" level="INFO">Successful Login</msg>
<status status="PASS" starttime="20220621 20:03:01.190" endtime="20220621 20:03:01.190"/>
</kw>
<status status="PASS" starttime="20220621 20:03:01.189" endtime="20220621 20:03:01.190"/>
</kw>
<status status="PASS" starttime="20220621 20:02:30.573" endtime="20220621 20:03:01.190"/>
</kw>
<kw name="Close All Browsers" library="SeleniumLibrary" type="TEARDOWN">
<doc>Closes all open browsers and resets the browser cache.</doc>
<status status="PASS" starttime="20220621 20:03:01.191" endtime="20220621 20:03:03.392"/>
</kw>
<doc>Test Case for Login</doc>
<tag>SmokeDemo2</tag>
<status status="PASS" starttime="20220621 20:02:27.451" endtime="20220621 20:03:03.392"/>
</test>
<test id="s1-s2-t3" name="Validate Login Collections">
<kw name="Run Keywords" library="BuiltIn" type="SETUP">
<arg>Open Browser</arg>
<arg>https://rahulshettyacademy.com/loginpagePractise/</arg>
<arg>chrome</arg>
<arg>AND</arg>
<arg>maximize browser window</arg>
<doc>Executes all the given keywords in a sequence.</doc>
<kw name="Open Browser" library="SeleniumLibrary">
<arg>https://rahulshettyacademy.com/loginpagePractise/</arg>
<arg>chrome</arg>
<doc>Opens a new browser instance to the optional ``url``.</doc>
<msg timestamp="20220621 20:03:03.397" level="INFO">Opening browser 'chrome' to base url 'https://rahulshettyacademy.com/loginpagePractise/'.</msg>
<status status="PASS" starttime="20220621 20:03:03.396" endtime="20220621 20:03:06.126"/>
</kw>
<kw name="Maximize Browser Window" library="SeleniumLibrary">
<doc>Maximizes current browser window.</doc>
<status status="PASS" starttime="20220621 20:03:06.126" endtime="20220621 20:03:06.271"/>
</kw>
<status status="PASS" starttime="20220621 20:03:03.395" endtime="20220621 20:03:06.271"/>
</kw>
<kw name="Login To RahulShetty" library="Resources">
<arg>${User}</arg>
<arg>${Pass}</arg>
<arg>${Success}</arg>
<doc>Keyword used for Login</doc>
<kw name="Input Text" library="SeleniumLibrary">
<arg>${Username}</arg>
<arg>${uname}</arg>
<doc>Types the given ``text`` into the text field identified by ``locator``.</doc>
<msg timestamp="20220621 20:03:06.274" level="INFO">Typing text 'rahulshettyacademy' into text field 'username'.</msg>
<status status="PASS" starttime="20220621 20:03:06.273" endtime="20220621 20:03:06.525"/>
</kw>
<kw name="Input Password" library="SeleniumLibrary">
<arg>${Password}</arg>
<arg>${pword}</arg>
<doc>Types the given password into the text field identified by ``locator``.</doc>
<msg timestamp="20220621 20:03:06.526" level="INFO">Typing password into text field 'password'.</msg>
<msg timestamp="20220621 20:03:06.598" level="INFO">Temporally setting log level to: NONE</msg>
<msg timestamp="20220621 20:03:06.658" level="INFO">Log level changed from NONE to INFO.</msg>
<status status="PASS" starttime="20220621 20:03:06.525" endtime="20220621 20:03:06.658"/>
</kw>
<kw name="Select Checkbox" library="SeleniumLibrary">
<arg>${TnC}</arg>
<doc>Selects the checkbox identified by ``locator``.</doc>
<msg timestamp="20220621 20:03:06.658" level="INFO">Selecting checkbox 'terms'.</msg>
<status status="PASS" starttime="20220621 20:03:06.658" endtime="20220621 20:03:06.730"/>
</kw>
<kw name="Click Button" library="SeleniumLibrary">
<arg>${SignIn}</arg>
<doc>Clicks the button identified by ``locator``.</doc>
<msg timestamp="20220621 20:03:06.730" level="INFO">Clicking button 'signInBtn'.</msg>
<status status="PASS" starttime="20220621 20:03:06.730" endtime="20220621 20:03:06.790"/>
</kw>
<kw name="Run Keyword And Return Status" library="BuiltIn">
<var>${bool}</var>
<arg>Capture Error Message</arg>
<arg>${Error_Message_Displayed}</arg>
<doc>Runs the given keyword with given arguments and returns the status as a Boolean value.</doc>
<kw name="Capture Error Message" library="Resources">
<arg>${Error_Message_Displayed}</arg>
<doc>This Keyword will capture Error Message</doc>
<kw name="Wait Until Element Is Visible" library="SeleniumLibrary">
<arg>${Error}</arg>
<arg>3</arg>
<doc>Waits until the element ``locator`` is visible.</doc>
<msg timestamp="20220621 20:03:58.389" level="INFO" html="true">&lt;/td&gt;&lt;/tr&gt;&lt;tr&gt;&lt;td colspan="3"&gt;&lt;a href="selenium-screenshot-12.png"&gt;&lt;img src="selenium-screenshot-12.png" width="800px"&gt;&lt;/a&gt;</msg>
<msg timestamp="20220621 20:03:58.391" level="FAIL">Element '//div[@class="alert alert-danger col-md-12"]' not visible after 3 seconds.</msg>
<status status="FAIL" starttime="20220621 20:03:06.791" endtime="20220621 20:03:58.391"/>
</kw>
<kw name="Get Text" library="SeleniumLibrary">
<var>${Error_Message}</var>
<arg>${Error}</arg>
<doc>Returns the text value of the element identified by ``locator``.</doc>
<status status="NOT RUN" starttime="20220621 20:03:58.392" endtime="20220621 20:03:58.392"/>
</kw>
<kw name="Should Be Equal As Strings" library="BuiltIn">
<arg>${Error_Message}</arg>
<arg>${Error_Message_Displayed}</arg>
<doc>Fails if objects are unequal after converting them to strings.</doc>
<status status="NOT RUN" starttime="20220621 20:03:58.392" endtime="20220621 20:03:58.392"/>
</kw>
<kw name="Log" library="BuiltIn">
<arg>${Error_Message}</arg>
<doc>Logs the given message with the given level.</doc>
<status status="NOT RUN" starttime="20220621 20:03:58.392" endtime="20220621 20:03:58.392"/>
</kw>
<status status="FAIL" starttime="20220621 20:03:06.791" endtime="20220621 20:03:58.393"/>
</kw>
<msg timestamp="20220621 20:03:58.393" level="INFO">${bool} = False</msg>
<status status="PASS" starttime="20220621 20:03:06.790" endtime="20220621 20:03:58.393"/>
</kw>
<kw name="Run Keyword If" library="BuiltIn">
<arg>${bool}</arg>
<arg>Log</arg>
<arg>Unsuccessful Login</arg>
<arg>ELSE</arg>
<arg>Log</arg>
<arg>Successful Login</arg>
<doc>Runs the given keyword with the given arguments, if ``condition`` is true.</doc>
<kw name="Log" library="BuiltIn">
<arg>Successful Login</arg>
<doc>Logs the given message with the given level.</doc>
<msg timestamp="20220621 20:03:58.394" level="INFO">Successful Login</msg>
<status status="PASS" starttime="20220621 20:03:58.393" endtime="20220621 20:03:58.394"/>
</kw>
<status status="PASS" starttime="20220621 20:03:58.393" endtime="20220621 20:03:58.394"/>
</kw>
<status status="PASS" starttime="20220621 20:03:06.271" endtime="20220621 20:03:58.394"/>
</kw>
<kw name="Validate Card Titles Using Collections" library="Resources">
<arg>@{Items}</arg>
<doc>This Keyword will validate Card Titles Using Collections</doc>
<kw name="Get WebElements" library="SeleniumLibrary">
<var>${Locators}</var>
<arg>${Card_Titles_Locators}</arg>
<doc>Returns a list of WebElement objects matching the ``locator``.</doc>
<msg timestamp="20220621 20:03:58.410" level="INFO">${Locators} = [&lt;selenium.webdriver.remote.webelement.WebElement (session="33dc709377ba4e7dcb2e3646c8584619", element="b0428b20-5167-4c57-b0e0-ba2cb0ea5c0e")&gt;, &lt;selenium.webdriver.remote.webelement.WebElement (sessi...</msg>
<status status="PASS" starttime="20220621 20:03:58.394" endtime="20220621 20:03:58.410"/>
</kw>
<kw name="Create List" library="BuiltIn">
<var>@{Locator_text}</var>
<doc>Returns a list containing given items.</doc>
<msg timestamp="20220621 20:03:58.410" level="INFO">@{Locator_text} = [ ]</msg>
<status status="PASS" starttime="20220621 20:03:58.410" endtime="20220621 20:03:58.410"/>
</kw>
<for flavor="IN">
<var>${CTL}</var>
<value>@{Locators}</value>
<iter>
<var name="${CTL}">&lt;selenium.webdriver.remote.webelement.WebElement (session="33dc709377ba4e7dcb2e3646c8584619", element="b0428b20-5167-4c57-b0e0-ba2cb0ea5c0e")&gt;</var>
<kw name="Log" library="BuiltIn">
<arg>${CTL.text}</arg>
<doc>Logs the given message with the given level.</doc>
<msg timestamp="20220621 20:03:58.428" level="INFO">iphone X</msg>
<status status="PASS" starttime="20220621 20:03:58.411" endtime="20220621 20:03:58.428"/>
</kw>
<kw name="Append To List" library="Collections">
<arg>${Locator_text}</arg>
<arg>${CTL.text}</arg>
<doc>Adds ``values`` to the end of ``list``.</doc>
<status status="PASS" starttime="20220621 20:03:58.428" endtime="20220621 20:03:58.438"/>
</kw>
<status status="PASS" starttime="20220621 20:03:58.411" endtime="20220621 20:03:58.438"/>
</iter>
<iter>
<var name="${CTL}">&lt;selenium.webdriver.remote.webelement.WebElement (session="33dc709377ba4e7dcb2e3646c8584619", element="2d07eeae-adfb-4781-bd49-5d3d381dcfe8")&gt;</var>
<kw name="Log" library="BuiltIn">
<arg>${CTL.text}</arg>
<doc>Logs the given message with the given level.</doc>
<msg timestamp="20220621 20:03:58.455" level="INFO">Samsung Note 8</msg>
<status status="PASS" starttime="20220621 20:03:58.438" endtime="20220621 20:03:58.455"/>
</kw>
<kw name="Append To List" library="Collections">
<arg>${Locator_text}</arg>
<arg>${CTL.text}</arg>
<doc>Adds ``values`` to the end of ``list``.</doc>
<status status="PASS" starttime="20220621 20:03:58.455" endtime="20220621 20:03:58.463"/>
</kw>
<status status="PASS" starttime="20220621 20:03:58.438" endtime="20220621 20:03:58.463"/>
</iter>
<iter>
<var name="${CTL}">&lt;selenium.webdriver.remote.webelement.WebElement (session="33dc709377ba4e7dcb2e3646c8584619", element="393d2008-73ec-47dd-8e6b-8bdc6d249bcf")&gt;</var>
<kw name="Log" library="BuiltIn">
<arg>${CTL.text}</arg>
<doc>Logs the given message with the given level.</doc>
<msg timestamp="20220621 20:03:58.485" level="INFO">Nokia Edge</msg>
<status status="PASS" starttime="20220621 20:03:58.464" endtime="20220621 20:03:58.485"/>
</kw>
<kw name="Append To List" library="Collections">
<arg>${Locator_text}</arg>
<arg>${CTL.text}</arg>
<doc>Adds ``values`` to the end of ``list``.</doc>
<status status="PASS" starttime="20220621 20:03:58.485" endtime="20220621 20:03:58.494"/>
</kw>
<status status="PASS" starttime="20220621 20:03:58.464" endtime="20220621 20:03:58.494"/>
</iter>
<iter>
<var name="${CTL}">&lt;selenium.webdriver.remote.webelement.WebElement (session="33dc709377ba4e7dcb2e3646c8584619", element="55246d22-9dc4-4773-9033-4142f34f5475")&gt;</var>
<kw name="Log" library="BuiltIn">
<arg>${CTL.text}</arg>
<doc>Logs the given message with the given level.</doc>
<msg timestamp="20220621 20:03:58.521" level="INFO">Blackberry</msg>
<status status="PASS" starttime="20220621 20:03:58.494" endtime="20220621 20:03:58.521"/>
</kw>
<kw name="Append To List" library="Collections">
<arg>${Locator_text}</arg>
<arg>${CTL.text}</arg>
<doc>Adds ``values`` to the end of ``list``.</doc>
<status status="PASS" starttime="20220621 20:03:58.521" endtime="20220621 20:03:58.534"/>
</kw>
<status status="PASS" starttime="20220621 20:03:58.494" endtime="20220621 20:03:58.534"/>
</iter>
<status status="PASS" starttime="20220621 20:03:58.410" endtime="20220621 20:03:58.534"/>
</for>
<kw name="Lists Should Be Equal" library="Collections">
<arg>${Locator_text}</arg>
<arg>${Card_Titles}</arg>
<doc>Fails if given lists are unequal.</doc>
<msg timestamp="20220621 20:03:58.535" level="FAIL">Lists are different:
Index 2: Nokia Edge != Nokia</msg>
<status status="FAIL" starttime="20220621 20:03:58.534" endtime="20220621 20:03:58.535"/>
</kw>
<status status="FAIL" starttime="20220621 20:03:58.394" endtime="20220621 20:03:58.536"/>
</kw>
<kw name="Close All Browsers" library="SeleniumLibrary" type="TEARDOWN">
<doc>Closes all open browsers and resets the browser cache.</doc>
<status status="PASS" starttime="20220621 20:03:58.537" endtime="20220621 20:04:00.839"/>
</kw>
<doc>Test Case for Login</doc>
<tag>SmokeDemo</tag>
<status status="FAIL" starttime="20220621 20:03:03.394" endtime="20220621 20:04:00.839">Lists are different:
Index 2: Nokia Edge != Nokia</status>
</test>
<test id="s1-s2-t4" name="Validate Unsuccessful Login">
<kw name="Run Keywords" library="BuiltIn" type="SETUP">
<arg>Open Browser</arg>
<arg>https://rahulshettyacademy.com/loginpagePractise/</arg>
<arg>chrome</arg>
<arg>AND</arg>
<arg>maximize browser window</arg>
<doc>Executes all the given keywords in a sequence.</doc>
<kw name="Open Browser" library="SeleniumLibrary">
<arg>https://rahulshettyacademy.com/loginpagePractise/</arg>
<arg>chrome</arg>
<doc>Opens a new browser instance to the optional ``url``.</doc>
<msg timestamp="20220621 20:04:00.843" level="INFO">Opening browser 'chrome' to base url 'https://rahulshettyacademy.com/loginpagePractise/'.</msg>
<status status="PASS" starttime="20220621 20:04:00.842" endtime="20220621 20:04:03.694"/>
</kw>
<kw name="Maximize Browser Window" library="SeleniumLibrary">
<doc>Maximizes current browser window.</doc>
<status status="PASS" starttime="20220621 20:04:03.694" endtime="20220621 20:04:03.826"/>
</kw>
<status status="PASS" starttime="20220621 20:04:00.841" endtime="20220621 20:04:03.826"/>
</kw>
<kw name="Login To RahulShetty" library="Resources">
<arg>${User}</arg>
<arg>${WPass}</arg>
<arg>${Failure}</arg>
<doc>Keyword used for Login</doc>
<kw name="Input Text" library="SeleniumLibrary">
<arg>${Username}</arg>
<arg>${uname}</arg>
<doc>Types the given ``text`` into the text field identified by ``locator``.</doc>
<msg timestamp="20220621 20:04:03.827" level="INFO">Typing text 'rahulshettyacademy' into text field 'username'.</msg>
<status status="PASS" starttime="20220621 20:04:03.827" endtime="20220621 20:04:04.123"/>
</kw>
<kw name="Input Password" library="SeleniumLibrary">
<arg>${Password}</arg>
<arg>${pword}</arg>
<doc>Types the given password into the text field identified by ``locator``.</doc>
<msg timestamp="20220621 20:04:04.124" level="INFO">Typing password into text field 'password'.</msg>
<msg timestamp="20220621 20:04:04.181" level="INFO">Temporally setting log level to: NONE</msg>
<msg timestamp="20220621 20:04:04.240" level="INFO">Log level changed from NONE to INFO.</msg>
<status status="PASS" starttime="20220621 20:04:04.123" endtime="20220621 20:04:04.240"/>
</kw>
<kw name="Select Checkbox" library="SeleniumLibrary">
<arg>${TnC}</arg>
<doc>Selects the checkbox identified by ``locator``.</doc>
<msg timestamp="20220621 20:04:04.241" level="INFO">Selecting checkbox 'terms'.</msg>
<status status="PASS" starttime="20220621 20:04:04.241" endtime="20220621 20:04:04.325"/>
</kw>
<kw name="Click Button" library="SeleniumLibrary">
<arg>${SignIn}</arg>
<doc>Clicks the button identified by ``locator``.</doc>
<msg timestamp="20220621 20:04:04.325" level="INFO">Clicking button 'signInBtn'.</msg>
<status status="PASS" starttime="20220621 20:04:04.325" endtime="20220621 20:04:04.389"/>
</kw>
<kw name="Run Keyword And Return Status" library="BuiltIn">
<var>${bool}</var>
<arg>Capture Error Message</arg>
<arg>${Error_Message_Displayed}</arg>
<doc>Runs the given keyword with given arguments and returns the status as a Boolean value.</doc>
<kw name="Capture Error Message" library="Resources">
<arg>${Error_Message_Displayed}</arg>
<doc>This Keyword will capture Error Message</doc>
<kw name="Wait Until Element Is Visible" library="SeleniumLibrary">
<arg>${Error}</arg>
<arg>3</arg>
<doc>Waits until the element ``locator`` is visible.</doc>
<status status="PASS" starttime="20220621 20:04:04.391" endtime="20220621 20:04:06.580"/>
</kw>
<kw name="Get Text" library="SeleniumLibrary">
<var>${Error_Message}</var>
<arg>${Error}</arg>
<doc>Returns the text value of the element identified by ``locator``.</doc>
<msg timestamp="20220621 20:04:06.612" level="INFO">${Error_Message} = Incorrect username/password.</msg>
<status status="PASS" starttime="20220621 20:04:06.581" endtime="20220621 20:04:06.612"/>
</kw>
<kw name="Should Be Equal As Strings" library="BuiltIn">
<arg>${Error_Message}</arg>
<arg>${Error_Message_Displayed}</arg>
<doc>Fails if objects are unequal after converting them to strings.</doc>
<status status="PASS" starttime="20220621 20:04:06.613" endtime="20220621 20:04:06.613"/>
</kw>
<kw name="Log" library="BuiltIn">
<arg>${Error_Message}</arg>
<doc>Logs the given message with the given level.</doc>
<msg timestamp="20220621 20:04:06.614" level="INFO">Incorrect username/password.</msg>
<status status="PASS" starttime="20220621 20:04:06.613" endtime="20220621 20:04:06.614"/>
</kw>
<status status="PASS" starttime="20220621 20:04:04.390" endtime="20220621 20:04:06.614"/>
</kw>
<msg timestamp="20220621 20:04:06.614" level="INFO">${bool} = True</msg>
<status status="PASS" starttime="20220621 20:04:04.389" endtime="20220621 20:04:06.614"/>
</kw>
<kw name="Run Keyword If" library="BuiltIn">
<arg>${bool}</arg>
<arg>Log</arg>
<arg>Unsuccessful Login</arg>
<arg>ELSE</arg>
<arg>Log</arg>
<arg>Successful Login</arg>
<doc>Runs the given keyword with the given arguments, if ``condition`` is true.</doc>
<kw name="Log" library="BuiltIn">
<arg>Unsuccessful Login</arg>
<doc>Logs the given message with the given level.</doc>
<msg timestamp="20220621 20:04:06.615" level="INFO">Unsuccessful Login</msg>
<status status="PASS" starttime="20220621 20:04:06.615" endtime="20220621 20:04:06.615"/>
</kw>
<status status="PASS" starttime="20220621 20:04:06.614" endtime="20220621 20:04:06.615"/>
</kw>
<status status="PASS" starttime="20220621 20:04:03.826" endtime="20220621 20:04:06.615"/>
</kw>
<kw name="Close All Browsers" library="SeleniumLibrary" type="TEARDOWN">
<doc>Closes all open browsers and resets the browser cache.</doc>
<status status="PASS" starttime="20220621 20:04:06.615" endtime="20220621 20:04:08.810"/>
</kw>
<doc>Test Case for Login</doc>
<tag>SmokeDemo</tag>
<status status="PASS" starttime="20220621 20:04:00.840" endtime="20220621 20:04:08.810"/>
</test>
<test id="s1-s2-t5" name="Add TO Cart">
<kw name="Run Keywords" library="BuiltIn" type="SETUP">
<arg>Open Browser</arg>
<arg>https://rahulshettyacademy.com/loginpagePractise/</arg>
<arg>chrome</arg>
<arg>AND</arg>
<arg>maximize browser window</arg>
<doc>Executes all the given keywords in a sequence.</doc>
<kw name="Open Browser" library="SeleniumLibrary">
<arg>https://rahulshettyacademy.com/loginpagePractise/</arg>
<arg>chrome</arg>
<doc>Opens a new browser instance to the optional ``url``.</doc>
<msg timestamp="20220621 20:04:08.813" level="INFO">Opening browser 'chrome' to base url 'https://rahulshettyacademy.com/loginpagePractise/'.</msg>
<status status="PASS" starttime="20220621 20:04:08.813" endtime="20220621 20:04:11.530"/>
</kw>
<kw name="Maximize Browser Window" library="SeleniumLibrary">
<doc>Maximizes current browser window.</doc>
<status status="PASS" starttime="20220621 20:04:11.530" endtime="20220621 20:04:11.695"/>
</kw>
<status status="PASS" starttime="20220621 20:04:08.812" endtime="20220621 20:04:11.695"/>
</kw>
<kw name="Login To RahulShetty" library="Resources">
<arg>${User}</arg>
<arg>${Pass}</arg>
<arg>${Success}</arg>
<doc>Keyword used for Login</doc>
<kw name="Input Text" library="SeleniumLibrary">
<arg>${Username}</arg>
<arg>${uname}</arg>
<doc>Types the given ``text`` into the text field identified by ``locator``.</doc>
<msg timestamp="20220621 20:04:11.698" level="INFO">Typing text 'rahulshettyacademy' into text field 'username'.</msg>
<status status="PASS" starttime="20220621 20:04:11.697" endtime="20220621 20:04:11.998"/>
</kw>
<kw name="Input Password" library="SeleniumLibrary">
<arg>${Password}</arg>
<arg>${pword}</arg>
<doc>Types the given password into the text field identified by ``locator``.</doc>
<msg timestamp="20220621 20:04:11.999" level="INFO">Typing password into text field 'password'.</msg>
<msg timestamp="20220621 20:04:12.066" level="INFO">Temporally setting log level to: NONE</msg>
<msg timestamp="20220621 20:04:12.136" level="INFO">Log level changed from NONE to INFO.</msg>
<status status="PASS" starttime="20220621 20:04:11.998" endtime="20220621 20:04:12.136"/>
</kw>
<kw name="Select Checkbox" library="SeleniumLibrary">
<arg>${TnC}</arg>
<doc>Selects the checkbox identified by ``locator``.</doc>
<msg timestamp="20220621 20:04:12.138" level="INFO">Selecting checkbox 'terms'.</msg>
<status status="PASS" starttime="20220621 20:04:12.136" endtime="20220621 20:04:12.230"/>
</kw>
<kw name="Click Button" library="SeleniumLibrary">
<arg>${SignIn}</arg>
<doc>Clicks the button identified by ``locator``.</doc>
<msg timestamp="20220621 20:04:12.231" level="INFO">Clicking button 'signInBtn'.</msg>
<status status="PASS" starttime="20220621 20:04:12.230" endtime="20220621 20:04:12.299"/>
</kw>
<kw name="Run Keyword And Return Status" library="BuiltIn">
<var>${bool}</var>
<arg>Capture Error Message</arg>
<arg>${Error_Message_Displayed}</arg>
<doc>Runs the given keyword with given arguments and returns the status as a Boolean value.</doc>
<kw name="Capture Error Message" library="Resources">
<arg>${Error_Message_Displayed}</arg>
<doc>This Keyword will capture Error Message</doc>
<kw name="Wait Until Element Is Visible" library="SeleniumLibrary">
<arg>${Error}</arg>
<arg>3</arg>
<doc>Waits until the element ``locator`` is visible.</doc>
<msg timestamp="20220621 20:04:48.053" level="INFO" html="true">&lt;/td&gt;&lt;/tr&gt;&lt;tr&gt;&lt;td colspan="3"&gt;&lt;a href="selenium-screenshot-13.png"&gt;&lt;img src="selenium-screenshot-13.png" width="800px"&gt;&lt;/a&gt;</msg>
<msg timestamp="20220621 20:04:48.054" level="FAIL">Element '//div[@class="alert alert-danger col-md-12"]' not visible after 3 seconds.</msg>
<status status="FAIL" starttime="20220621 20:04:12.299" endtime="20220621 20:04:48.054"/>
</kw>
<kw name="Get Text" library="SeleniumLibrary">
<var>${Error_Message}</var>
<arg>${Error}</arg>
<doc>Returns the text value of the element identified by ``locator``.</doc>
<status status="NOT RUN" starttime="20220621 20:04:48.054" endtime="20220621 20:04:48.054"/>
</kw>
<kw name="Should Be Equal As Strings" library="BuiltIn">
<arg>${Error_Message}</arg>
<arg>${Error_Message_Displayed}</arg>
<doc>Fails if objects are unequal after converting them to strings.</doc>
<status status="NOT RUN" starttime="20220621 20:04:48.054" endtime="20220621 20:04:48.055"/>
</kw>
<kw name="Log" library="BuiltIn">
<arg>${Error_Message}</arg>
<doc>Logs the given message with the given level.</doc>
<status status="NOT RUN" starttime="20220621 20:04:48.055" endtime="20220621 20:04:48.055"/>
</kw>
<status status="FAIL" starttime="20220621 20:04:12.299" endtime="20220621 20:04:48.056"/>
</kw>
<msg timestamp="20220621 20:04:48.056" level="INFO">${bool} = False</msg>
<status status="PASS" starttime="20220621 20:04:12.299" endtime="20220621 20:04:48.056"/>
</kw>
<kw name="Run Keyword If" library="BuiltIn">
<arg>${bool}</arg>
<arg>Log</arg>
<arg>Unsuccessful Login</arg>
<arg>ELSE</arg>
<arg>Log</arg>
<arg>Successful Login</arg>
<doc>Runs the given keyword with the given arguments, if ``condition`` is true.</doc>
<kw name="Log" library="BuiltIn">
<arg>Successful Login</arg>
<doc>Logs the given message with the given level.</doc>
<msg timestamp="20220621 20:04:48.056" level="INFO">Successful Login</msg>
<status status="PASS" starttime="20220621 20:04:48.056" endtime="20220621 20:04:48.056"/>
</kw>
<status status="PASS" starttime="20220621 20:04:48.056" endtime="20220621 20:04:48.057"/>
</kw>
<status status="PASS" starttime="20220621 20:04:11.696" endtime="20220621 20:04:48.057"/>
</kw>
<kw name="Add TO Cart Using Collections" library="Resources">
<arg>${Item}</arg>
<doc>This Keyword will validate Card Titles Using Collections</doc>
<kw name="Get WebElements" library="SeleniumLibrary">
<var>${Locators}</var>
<arg>${Card_Titles_Locators}</arg>
<doc>Returns a list of WebElement objects matching the ``locator``.</doc>
<msg timestamp="20220621 20:04:48.072" level="INFO">${Locators} = [&lt;selenium.webdriver.remote.webelement.WebElement (session="a3aa5600f5307307c1bc75e1cbd7632c", element="97fe8331-7ac4-4daf-b5a2-7905c30c1835")&gt;, &lt;selenium.webdriver.remote.webelement.WebElement (sessi...</msg>
<status status="PASS" starttime="20220621 20:04:48.057" endtime="20220621 20:04:48.072"/>
</kw>
<kw name="Set Variable" library="BuiltIn">
<var>${index}</var>
<arg>1</arg>
<doc>Returns the given values which can then be assigned to a variables.</doc>
<msg timestamp="20220621 20:04:48.072" level="INFO">${index} = 1</msg>
<status status="PASS" starttime="20220621 20:04:48.072" endtime="20220621 20:04:48.072"/>
</kw>
<for flavor="IN">
<var>${CTL}</var>
<value>@{Locators}</value>
<iter>
<var name="${CTL}">&lt;selenium.webdriver.remote.webelement.WebElement (session="a3aa5600f5307307c1bc75e1cbd7632c", element="97fe8331-7ac4-4daf-b5a2-7905c30c1835")&gt;</var>
<kw name="Exit For Loop If" library="BuiltIn">
<arg>'${Product}' == '${CTL.text}'</arg>
<doc>Stops executing the enclosing for loop if the ``condition`` is true.</doc>
<status status="PASS" starttime="20220621 20:04:48.073" endtime="20220621 20:04:48.089"/>
</kw>
<kw name="Evaluate" library="BuiltIn">
<var>${index}</var>
<arg>${index} + 1</arg>
<doc>Evaluates the given expression in Python and returns the result.</doc>
<msg timestamp="20220621 20:04:48.090" level="INFO">${index} = 2</msg>
<status status="PASS" starttime="20220621 20:04:48.089" endtime="20220621 20:04:48.090"/>
</kw>
<status status="PASS" starttime="20220621 20:04:48.073" endtime="20220621 20:04:48.090"/>
</iter>
<iter>
<var name="${CTL}">&lt;selenium.webdriver.remote.webelement.WebElement (session="a3aa5600f5307307c1bc75e1cbd7632c", element="f82fb1f3-f93f-4996-8fbd-94d74ac6f981")&gt;</var>
<kw name="Exit For Loop If" library="BuiltIn">
<arg>'${Product}' == '${CTL.text}'</arg>
<doc>Stops executing the enclosing for loop if the ``condition`` is true.</doc>
<status status="PASS" starttime="20220621 20:04:48.090" endtime="20220621 20:04:48.105"/>
</kw>
<kw name="Evaluate" library="BuiltIn">
<var>${index}</var>
<arg>${index} + 1</arg>
<doc>Evaluates the given expression in Python and returns the result.</doc>
<msg timestamp="20220621 20:04:48.106" level="INFO">${index} = 3</msg>
<status status="PASS" starttime="20220621 20:04:48.105" endtime="20220621 20:04:48.106"/>
</kw>
<status status="PASS" starttime="20220621 20:04:48.090" endtime="20220621 20:04:48.106"/>
</iter>
<iter>
<var name="${CTL}">&lt;selenium.webdriver.remote.webelement.WebElement (session="a3aa5600f5307307c1bc75e1cbd7632c", element="f05bb513-2da0-4cbf-a74d-49bc331a104c")&gt;</var>
<kw name="Exit For Loop If" library="BuiltIn">
<arg>'${Product}' == '${CTL.text}'</arg>
<doc>Stops executing the enclosing for loop if the ``condition`` is true.</doc>
<status status="PASS" starttime="20220621 20:04:48.106" endtime="20220621 20:04:48.123"/>
</kw>
<kw name="Evaluate" library="BuiltIn">
<var>${index}</var>
<arg>${index} + 1</arg>
<doc>Evaluates the given expression in Python and returns the result.</doc>
<msg timestamp="20220621 20:04:48.124" level="INFO">${index} = 4</msg>
<status status="PASS" starttime="20220621 20:04:48.123" endtime="20220621 20:04:48.124"/>
</kw>
<status status="PASS" starttime="20220621 20:04:48.106" endtime="20220621 20:04:48.124"/>
</iter>
<iter>
<var name="${CTL}">&lt;selenium.webdriver.remote.webelement.WebElement (session="a3aa5600f5307307c1bc75e1cbd7632c", element="3ece5bb2-4b19-4eb7-961d-1e7234b29d81")&gt;</var>
<kw name="Exit For Loop If" library="BuiltIn">
<arg>'${Product}' == '${CTL.text}'</arg>
<doc>Stops executing the enclosing for loop if the ``condition`` is true.</doc>
<msg timestamp="20220621 20:04:48.139" level="INFO">Exiting for loop altogether.</msg>
<status status="PASS" starttime="20220621 20:04:48.124" endtime="20220621 20:04:48.140"/>
</kw>
<status status="PASS" starttime="20220621 20:04:48.124" endtime="20220621 20:04:48.140"/>
</iter>
<status status="PASS" starttime="20220621 20:04:48.072" endtime="20220621 20:04:48.140"/>
</for>
<kw name="Click Button" library="SeleniumLibrary">
<arg>(//*[@class="btn btn-info"])[${index}]</arg>
<doc>Clicks the button identified by ``locator``.</doc>
<msg timestamp="20220621 20:04:48.140" level="INFO">Clicking button '(//*[@class="btn btn-info"])[4]'.</msg>
<status status="PASS" starttime="20220621 20:04:48.140" endtime="20220621 20:04:48.217"/>
</kw>
<status status="PASS" starttime="20220621 20:04:48.057" endtime="20220621 20:04:48.217"/>
</kw>
<kw name="Close All Browsers" library="SeleniumLibrary" type="TEARDOWN">
<doc>Closes all open browsers and resets the browser cache.</doc>
<status status="PASS" starttime="20220621 20:04:48.217" endtime="20220621 20:04:50.417"/>
</kw>
<doc>Test Case for Login</doc>
<tag>SmokeDemo</tag>
<status status="PASS" starttime="20220621 20:04:08.810" endtime="20220621 20:04:50.417"/>
</test>
<doc>This page is for testing</doc>
<status status="FAIL" starttime="20220621 20:02:17.293" endtime="20220621 20:04:50.419"/>
</suite>
<suite id="s1-s3" name="TestDemo3" source="D:\Robot Framework\Test\TestDemo3.robot">
<test id="s1-s3-t1" name="Navigate to Free Access Link in Rahul Shetty">
<kw name="Run Keywords" library="BuiltIn" type="SETUP">
<arg>Open Browser</arg>
<arg>https://rahulshettyacademy.com/loginpagePractise/</arg>
<arg>chrome</arg>
<arg>AND</arg>
<arg>maximize browser window</arg>
<doc>Executes all the given keywords in a sequence.</doc>
<kw name="Open Browser" library="SeleniumLibrary">
<arg>https://rahulshettyacademy.com/loginpagePractise/</arg>
<arg>chrome</arg>
<doc>Opens a new browser instance to the optional ``url``.</doc>
<msg timestamp="20220621 20:04:50.436" level="INFO">Opening browser 'chrome' to base url 'https://rahulshettyacademy.com/loginpagePractise/'.</msg>
<status status="PASS" starttime="20220621 20:04:50.435" endtime="20220621 20:04:52.846"/>
</kw>
<kw name="Maximize Browser Window" library="SeleniumLibrary">
<doc>Maximizes current browser window.</doc>
<status status="PASS" starttime="20220621 20:04:52.846" endtime="20220621 20:04:53.005"/>
</kw>
<status status="PASS" starttime="20220621 20:04:50.435" endtime="20220621 20:04:53.006"/>
</kw>
<kw name="Navigate to Free Acccess Link" library="Resources">
<doc>Keyword used for moving to Free Access Link</doc>
<kw name="Click Link" library="SeleniumLibrary">
<arg>${Free_Access}</arg>
<doc>Clicks a link identified by ``locator``.</doc>
<msg timestamp="20220621 20:04:53.006" level="INFO">Clicking link 'Free Access to InterviewQues/ResumeAssistance/Material'.</msg>
<status status="PASS" starttime="20220621 20:04:53.006" endtime="20220621 20:04:53.184"/>
</kw>
<kw name="Switch Window" library="SeleniumLibrary">
<arg>new</arg>
<doc>Switches to browser window matching ``locator``.</doc>
<status status="PASS" starttime="20220621 20:04:53.184" endtime="20220621 20:04:53.243"/>
</kw>
<kw name="Get Text" library="SeleniumLibrary">
<var>${Get_Text}</var>
<arg>${Email_Text}</arg>
<doc>Returns the text value of the element identified by ``locator``.</doc>
<msg timestamp="20220621 20:04:56.941" level="INFO">${Get_Text} = Please email us at mentor@rahulshettyacademy.com with below template to receive response</msg>
<status status="PASS" starttime="20220621 20:04:53.243" endtime="20220621 20:04:56.941"/>
</kw>
<kw name="Split String" library="String">
<var>@{Split_text}</var>
<arg>${Get_Text}</arg>
<arg>${SPACE}</arg>
<doc>Splits the ``string`` using ``separator`` as a delimiter string.</doc>
<msg timestamp="20220621 20:04:56.942" level="INFO">@{Split_text} = [ Please | email | us | at | mentor@rahulshettyacademy.com | with | below | template | to | receive | response ]</msg>
<status status="PASS" starttime="20220621 20:04:56.941" endtime="20220621 20:04:56.942"/>
</kw>
<kw name="Get From List" library="Collections">
<var>${email}</var>
<arg>${Split_text}</arg>
<arg>4</arg>
<doc>Returns the value specified with an ``index`` from ``list``.</doc>
<msg timestamp="20220621 20:04:56.942" level="INFO">${email} = mentor@rahulshettyacademy.com</msg>
<status status="PASS" starttime="20220621 20:04:56.942" endtime="20220621 20:04:56.942"/>
</kw>
<kw name="Switch Window" library="SeleniumLibrary">
<arg>main</arg>
<doc>Switches to browser window matching ``locator``.</doc>
<status status="PASS" starttime="20220621 20:04:56.942" endtime="20220621 20:04:56.972"/>
</kw>
<kw name="Input Text" library="SeleniumLibrary">
<arg>${Username}</arg>
<arg>${email}</arg>
<doc>Types the given ``text`` into the text field identified by ``locator``.</doc>
<msg timestamp="20220621 20:04:56.973" level="INFO">Typing text 'mentor@rahulshettyacademy.com' into text field 'username'.</msg>
<status status="PASS" starttime="20220621 20:04:56.972" endtime="20220621 20:04:57.172"/>
</kw>
<kw name="Sleep" library="BuiltIn">
<arg>3s</arg>
<doc>Pauses the test executed for the given time.</doc>
<msg timestamp="20220621 20:05:00.186" level="INFO">Slept 3 seconds</msg>
<status status="PASS" starttime="20220621 20:04:57.172" endtime="20220621 20:05:00.186"/>
</kw>
<status status="PASS" starttime="20220621 20:04:53.006" endtime="20220621 20:05:00.187"/>
</kw>
<kw name="Close All Browsers" library="SeleniumLibrary" type="TEARDOWN">
<doc>Closes all open browsers and resets the browser cache.</doc>
<status status="PASS" starttime="20220621 20:05:00.187" endtime="20220621 20:05:02.393"/>
</kw>
<doc>This will navigate to Free Access Link</doc>
<tag>SmokeDemo3</tag>
<status status="PASS" starttime="20220621 20:04:50.434" endtime="20220621 20:05:02.394"/>
</test>
<doc>This page is for testing</doc>
<status status="PASS" starttime="20220621 20:04:50.424" endtime="20220621 20:05:02.398"/>
</suite>
<suite id="s1-s4" name="TestDemo4" source="D:\Robot Framework\Test\TestDemo4.robot">
<test id="s1-s4-t1" name="Invalid UserName">
<kw name="Run Keywords" library="BuiltIn" type="SETUP">
<arg>Open Browser</arg>
<arg>https://rahulshettyacademy.com/loginpagePractise/</arg>
<arg>chrome</arg>
<arg>AND</arg>
<arg>maximize browser window</arg>
<doc>Executes all the given keywords in a sequence.</doc>
<kw name="Open Browser" library="SeleniumLibrary">
<arg>https://rahulshettyacademy.com/loginpagePractise/</arg>
<arg>chrome</arg>
<doc>Opens a new browser instance to the optional ``url``.</doc>
<msg timestamp="20220621 20:05:02.422" level="INFO">Opening browser 'chrome' to base url 'https://rahulshettyacademy.com/loginpagePractise/'.</msg>
<status status="PASS" starttime="20220621 20:05:02.422" endtime="20220621 20:05:04.960"/>
</kw>
<kw name="Maximize Browser Window" library="SeleniumLibrary">
<doc>Maximizes current browser window.</doc>
<status status="PASS" starttime="20220621 20:05:04.960" endtime="20220621 20:05:05.098"/>
</kw>
<status status="PASS" starttime="20220621 20:05:02.420" endtime="20220621 20:05:05.098"/>
</kw>
<kw name="Login To RahulShetty">
<arg>${In_User}</arg>
<arg>${Pass}</arg>
<arg>${Failure}</arg>
<doc>Keyword used for Login</doc>
<kw name="Input Text" library="SeleniumLibrary">
<arg>${Username}</arg>
<arg>${uname}</arg>
<doc>Types the given ``text`` into the text field identified by ``locator``.</doc>
<msg timestamp="20220621 20:05:05.101" level="INFO">Typing text 'Kuntal' into text field 'username'.</msg>
<status status="PASS" starttime="20220621 20:05:05.100" endtime="20220621 20:05:05.512"/>
</kw>
<kw name="Input Password" library="SeleniumLibrary">
<arg>${Password}</arg>
<arg>${pword}</arg>
<doc>Types the given password into the text field identified by ``locator``.</doc>
<msg timestamp="20220621 20:05:05.514" level="INFO">Typing password into text field 'password'.</msg>
<msg timestamp="20220621 20:05:05.584" level="INFO">Temporally setting log level to: NONE</msg>
<msg timestamp="20220621 20:05:05.652" level="INFO">Log level changed from NONE to INFO.</msg>
<status status="PASS" starttime="20220621 20:05:05.513" endtime="20220621 20:05:05.653"/>
</kw>
<kw name="Select Checkbox" library="SeleniumLibrary">
<arg>${TnC}</arg>
<doc>Selects the checkbox identified by ``locator``.</doc>
<msg timestamp="20220621 20:05:05.654" level="INFO">Selecting checkbox 'terms'.</msg>
<status status="PASS" starttime="20220621 20:05:05.653" endtime="20220621 20:05:05.774"/>
</kw>
<kw name="Click Button" library="SeleniumLibrary">
<arg>${SignIn}</arg>
<doc>Clicks the button identified by ``locator``.</doc>
<msg timestamp="20220621 20:05:05.775" level="INFO">Clicking button 'signInBtn'.</msg>
<status status="PASS" starttime="20220621 20:05:05.775" endtime="20220621 20:05:05.866"/>
</kw>
<kw name="Run Keyword And Return Status" library="BuiltIn">
<var>${bool}</var>
<arg>Capture Error Message</arg>
<arg>${Error_Message_Displayed}</arg>
<doc>Runs the given keyword with given arguments and returns the status as a Boolean value.</doc>
<kw name="Capture Error Message">
<arg>${Error_Message_Displayed}</arg>
<doc>This Keyword will capture Error Message</doc>
<kw name="Wait Until Element Is Visible" library="SeleniumLibrary">
<arg>${Error}</arg>
<arg>10</arg>
<doc>Waits until the element ``locator`` is visible.</doc>
<status status="PASS" starttime="20220621 20:05:05.869" endtime="20220621 20:05:08.062"/>
</kw>
<kw name="Get Text" library="SeleniumLibrary">
<var>${Error_Message}</var>
<arg>${Error}</arg>
<doc>Returns the text value of the element identified by ``locator``.</doc>
<msg timestamp="20220621 20:05:08.090" level="INFO">${Error_Message} = Incorrect username/password.</msg>
<status status="PASS" starttime="20220621 20:05:08.062" endtime="20220621 20:05:08.090"/>
</kw>
<kw name="Should Be Equal As Strings" library="BuiltIn">
<arg>${Error_Message}</arg>
<arg>${Error_Message_Displayed}</arg>
<doc>Fails if objects are unequal after converting them to strings.</doc>
<status status="PASS" starttime="20220621 20:05:08.090" endtime="20220621 20:05:08.090"/>
</kw>
<kw name="Log" library="BuiltIn">
<arg>${Error_Message}</arg>
<doc>Logs the given message with the given level.</doc>
<msg timestamp="20220621 20:05:08.091" level="INFO">Incorrect username/password.</msg>
<status status="PASS" starttime="20220621 20:05:08.091" endtime="20220621 20:05:08.091"/>
</kw>
<status status="PASS" starttime="20220621 20:05:05.867" endtime="20220621 20:05:08.091"/>
</kw>
<msg timestamp="20220621 20:05:08.091" level="INFO">${bool} = True</msg>
<status status="PASS" starttime="20220621 20:05:05.867" endtime="20220621 20:05:08.091"/>
</kw>
<kw name="Run Keyword If" library="BuiltIn">
<arg>${bool}</arg>
<arg>Log</arg>
<arg>Unsuccessful Login</arg>
<arg>ELSE</arg>
<arg>Log</arg>
<arg>Successful Login</arg>
<doc>Runs the given keyword with the given arguments, if ``condition`` is true.</doc>
<kw name="Log" library="BuiltIn">
<arg>Unsuccessful Login</arg>
<doc>Logs the given message with the given level.</doc>
<msg timestamp="20220621 20:05:08.092" level="INFO">Unsuccessful Login</msg>
<status status="PASS" starttime="20220621 20:05:08.091" endtime="20220621 20:05:08.092"/>
</kw>
<status status="PASS" starttime="20220621 20:05:08.091" endtime="20220621 20:05:08.092"/>
</kw>
<status status="PASS" starttime="20220621 20:05:05.098" endtime="20220621 20:05:08.092"/>
</kw>
<kw name="Close All Browsers" library="SeleniumLibrary" type="TEARDOWN">
<doc>Closes all open browsers and resets the browser cache.</doc>
<status status="PASS" starttime="20220621 20:05:08.092" endtime="20220621 20:05:10.251"/>
</kw>
<status status="PASS" starttime="20220621 20:05:02.419" endtime="20220621 20:05:10.251"/>
</test>
<test id="s1-s4-t2" name="Invalid Password">
<kw name="Run Keywords" library="BuiltIn" type="SETUP">
<arg>Open Browser</arg>
<arg>https://rahulshettyacademy.com/loginpagePractise/</arg>
<arg>chrome</arg>
<arg>AND</arg>
<arg>maximize browser window</arg>
<doc>Executes all the given keywords in a sequence.</doc>
<kw name="Open Browser" library="SeleniumLibrary">
<arg>https://rahulshettyacademy.com/loginpagePractise/</arg>
<arg>chrome</arg>
<doc>Opens a new browser instance to the optional ``url``.</doc>
<msg timestamp="20220621 20:05:10.258" level="INFO">Opening browser 'chrome' to base url 'https://rahulshettyacademy.com/loginpagePractise/'.</msg>
<status status="PASS" starttime="20220621 20:05:10.257" endtime="20220621 20:05:13.553"/>
</kw>
<kw name="Maximize Browser Window" library="SeleniumLibrary">
<doc>Maximizes current browser window.</doc>
<status status="PASS" starttime="20220621 20:05:13.554" endtime="20220621 20:05:13.847"/>
</kw>
<status status="PASS" starttime="20220621 20:05:10.256" endtime="20220621 20:05:13.847"/>
</kw>
<kw name="Login To RahulShetty">
<arg>${User}</arg>
<arg>${WPass}</arg>
<arg>${Failure}</arg>
<doc>Keyword used for Login</doc>
<kw name="Input Text" library="SeleniumLibrary">
<arg>${Username}</arg>
<arg>${uname}</arg>
<doc>Types the given ``text`` into the text field identified by ``locator``.</doc>
<msg timestamp="20220621 20:05:13.850" level="INFO">Typing text 'rahulshettyacademy' into text field 'username'.</msg>
<status status="PASS" starttime="20220621 20:05:13.849" endtime="20220621 20:05:14.126"/>
</kw>
<kw name="Input Password" library="SeleniumLibrary">
<arg>${Password}</arg>
<arg>${pword}</arg>
<doc>Types the given password into the text field identified by ``locator``.</doc>
<msg timestamp="20220621 20:05:14.127" level="INFO">Typing password into text field 'password'.</msg>
<msg timestamp="20220621 20:05:14.211" level="INFO">Temporally setting log level to: NONE</msg>
<msg timestamp="20220621 20:05:14.295" level="INFO">Log level changed from NONE to INFO.</msg>
<status status="PASS" starttime="20220621 20:05:14.127" endtime="20220621 20:05:14.296"/>
</kw>
<kw name="Select Checkbox" library="SeleniumLibrary">
<arg>${TnC}</arg>
<doc>Selects the checkbox identified by ``locator``.</doc>
<msg timestamp="20220621 20:05:14.296" level="INFO">Selecting checkbox 'terms'.</msg>
<status status="PASS" starttime="20220621 20:05:14.296" endtime="20220621 20:05:14.408"/>
</kw>
<kw name="Click Button" library="SeleniumLibrary">
<arg>${SignIn}</arg>
<doc>Clicks the button identified by ``locator``.</doc>
<msg timestamp="20220621 20:05:14.409" level="INFO">Clicking button 'signInBtn'.</msg>
<status status="PASS" starttime="20220621 20:05:14.409" endtime="20220621 20:05:14.511"/>
</kw>
<kw name="Run Keyword And Return Status" library="BuiltIn">
<var>${bool}</var>
<arg>Capture Error Message</arg>
<arg>${Error_Message_Displayed}</arg>
<doc>Runs the given keyword with given arguments and returns the status as a Boolean value.</doc>
<kw name="Capture Error Message">
<arg>${Error_Message_Displayed}</arg>
<doc>This Keyword will capture Error Message</doc>
<kw name="Wait Until Element Is Visible" library="SeleniumLibrary">
<arg>${Error}</arg>
<arg>10</arg>
<doc>Waits until the element ``locator`` is visible.</doc>
<status status="PASS" starttime="20220621 20:05:14.512" endtime="20220621 20:05:16.761"/>
</kw>
<kw name="Get Text" library="SeleniumLibrary">
<var>${Error_Message}</var>
<arg>${Error}</arg>
<doc>Returns the text value of the element identified by ``locator``.</doc>
<msg timestamp="20220621 20:05:16.803" level="INFO">${Error_Message} = Incorrect username/password.</msg>
<status status="PASS" starttime="20220621 20:05:16.762" endtime="20220621 20:05:16.803"/>
</kw>
<kw name="Should Be Equal As Strings" library="BuiltIn">
<arg>${Error_Message}</arg>
<arg>${Error_Message_Displayed}</arg>
<doc>Fails if objects are unequal after converting them to strings.</doc>
<status status="PASS" starttime="20220621 20:05:16.804" endtime="20220621 20:05:16.804"/>
</kw>
<kw name="Log" library="BuiltIn">
<arg>${Error_Message}</arg>
<doc>Logs the given message with the given level.</doc>
<msg timestamp="20220621 20:05:16.806" level="INFO">Incorrect username/password.</msg>
<status status="PASS" starttime="20220621 20:05:16.806" endtime="20220621 20:05:16.806"/>
</kw>
<status status="PASS" starttime="20220621 20:05:14.511" endtime="20220621 20:05:16.807"/>
</kw>
<msg timestamp="20220621 20:05:16.807" level="INFO">${bool} = True</msg>
<status status="PASS" starttime="20220621 20:05:14.511" endtime="20220621 20:05:16.807"/>
</kw>
<kw name="Run Keyword If" library="BuiltIn">
<arg>${bool}</arg>
<arg>Log</arg>
<arg>Unsuccessful Login</arg>
<arg>ELSE</arg>
<arg>Log</arg>
<arg>Successful Login</arg>
<doc>Runs the given keyword with the given arguments, if ``condition`` is true.</doc>
<kw name="Log" library="BuiltIn">
<arg>Unsuccessful Login</arg>
<doc>Logs the given message with the given level.</doc>
<msg timestamp="20220621 20:05:16.809" level="INFO">Unsuccessful Login</msg>
<status status="PASS" starttime="20220621 20:05:16.808" endtime="20220621 20:05:16.809"/>
</kw>
<status status="PASS" starttime="20220621 20:05:16.807" endtime="20220621 20:05:16.809"/>
</kw>
<status status="PASS" starttime="20220621 20:05:13.847" endtime="20220621 20:05:16.809"/>
</kw>
<kw name="Close All Browsers" library="SeleniumLibrary" type="TEARDOWN">
<doc>Closes all open browsers and resets the browser cache.</doc>
<status status="PASS" starttime="20220621 20:05:16.810" endtime="20220621 20:05:19.072"/>
</kw>
<status status="PASS" starttime="20220621 20:05:10.254" endtime="20220621 20:05:19.073"/>
</test>
<test id="s1-s4-t3" name="Empty Username">
<kw name="Run Keywords" library="BuiltIn" type="SETUP">
<arg>Open Browser</arg>
<arg>https://rahulshettyacademy.com/loginpagePractise/</arg>
<arg>chrome</arg>
<arg>AND</arg>
<arg>maximize browser window</arg>
<doc>Executes all the given keywords in a sequence.</doc>
<kw name="Open Browser" library="SeleniumLibrary">
<arg>https://rahulshettyacademy.com/loginpagePractise/</arg>
<arg>chrome</arg>
<doc>Opens a new browser instance to the optional ``url``.</doc>
<msg timestamp="20220621 20:05:19.077" level="INFO">Opening browser 'chrome' to base url 'https://rahulshettyacademy.com/loginpagePractise/'.</msg>
<status status="PASS" starttime="20220621 20:05:19.076" endtime="20220621 20:05:21.460"/>
</kw>
<kw name="Maximize Browser Window" library="SeleniumLibrary">
<doc>Maximizes current browser window.</doc>
<status status="PASS" starttime="20220621 20:05:21.461" endtime="20220621 20:05:21.617"/>
</kw>
<status status="PASS" starttime="20220621 20:05:19.076" endtime="20220621 20:05:21.617"/>
</kw>
<kw name="Login To RahulShetty">
<arg>${EMPTY}</arg>
<arg>${Pass}</arg>
<arg>${EMPTY_Failure}</arg>
<doc>Keyword used for Login</doc>
<kw name="Input Text" library="SeleniumLibrary">
<arg>${Username}</arg>
<arg>${uname}</arg>
<doc>Types the given ``text`` into the text field identified by ``locator``.</doc>
<msg timestamp="20220621 20:05:21.621" level="INFO">Typing text '' into text field 'username'.</msg>
<status status="PASS" starttime="20220621 20:05:21.620" endtime="20220621 20:05:21.802"/>
</kw>
<kw name="Input Password" library="SeleniumLibrary">
<arg>${Password}</arg>
<arg>${pword}</arg>
<doc>Types the given password into the text field identified by ``locator``.</doc>
<msg timestamp="20220621 20:05:21.803" level="INFO">Typing password into text field 'password'.</msg>
<msg timestamp="20220621 20:05:21.878" level="INFO">Temporally setting log level to: NONE</msg>
<msg timestamp="20220621 20:05:21.956" level="INFO">Log level changed from NONE to INFO.</msg>
<status status="PASS" starttime="20220621 20:05:21.803" endtime="20220621 20:05:21.956"/>
</kw>
<kw name="Select Checkbox" library="SeleniumLibrary">
<arg>${TnC}</arg>
<doc>Selects the checkbox identified by ``locator``.</doc>
<msg timestamp="20220621 20:05:21.958" level="INFO">Selecting checkbox 'terms'.</msg>
<status status="PASS" starttime="20220621 20:05:21.957" endtime="20220621 20:05:22.041"/>
</kw>
<kw name="Click Button" library="SeleniumLibrary">
<arg>${SignIn}</arg>
<doc>Clicks the button identified by ``locator``.</doc>
<msg timestamp="20220621 20:05:22.042" level="INFO">Clicking button 'signInBtn'.</msg>
<status status="PASS" starttime="20220621 20:05:22.041" endtime="20220621 20:05:22.106"/>
</kw>
<kw name="Run Keyword And Return Status" library="BuiltIn">
<var>${bool}</var>
<arg>Capture Error Message</arg>
<arg>${Error_Message_Displayed}</arg>
<doc>Runs the given keyword with given arguments and returns the status as a Boolean value.</doc>
<kw name="Capture Error Message">
<arg>${Error_Message_Displayed}</arg>
<doc>This Keyword will capture Error Message</doc>
<kw name="Wait Until Element Is Visible" library="SeleniumLibrary">
<arg>${Error}</arg>
<arg>10</arg>
<doc>Waits until the element ``locator`` is visible.</doc>
<status status="PASS" starttime="20220621 20:05:22.109" endtime="20220621 20:05:22.144"/>
</kw>
<kw name="Get Text" library="SeleniumLibrary">
<var>${Error_Message}</var>
<arg>${Error}</arg>
<doc>Returns the text value of the element identified by ``locator``.</doc>
<msg timestamp="20220621 20:05:22.171" level="INFO">${Error_Message} = Empty username/password.</msg>
<status status="PASS" starttime="20220621 20:05:22.144" endtime="20220621 20:05:22.171"/>
</kw>
<kw name="Should Be Equal As Strings" library="BuiltIn">
<arg>${Error_Message}</arg>
<arg>${Error_Message_Displayed}</arg>
<doc>Fails if objects are unequal after converting them to strings.</doc>
<status status="PASS" starttime="20220621 20:05:22.171" endtime="20220621 20:05:22.172"/>
</kw>
<kw name="Log" library="BuiltIn">
<arg>${Error_Message}</arg>
<doc>Logs the given message with the given level.</doc>
<msg timestamp="20220621 20:05:22.173" level="INFO">Empty username/password.</msg>
<status status="PASS" starttime="20220621 20:05:22.172" endtime="20220621 20:05:22.173"/>
</kw>
<status status="PASS" starttime="20220621 20:05:22.107" endtime="20220621 20:05:22.173"/>
</kw>
<msg timestamp="20220621 20:05:22.174" level="INFO">${bool} = True</msg>
<status status="PASS" starttime="20220621 20:05:22.107" endtime="20220621 20:05:22.174"/>
</kw>
<kw name="Run Keyword If" library="BuiltIn">
<arg>${bool}</arg>
<arg>Log</arg>
<arg>Unsuccessful Login</arg>
<arg>ELSE</arg>
<arg>Log</arg>
<arg>Successful Login</arg>
<doc>Runs the given keyword with the given arguments, if ``condition`` is true.</doc>
<kw name="Log" library="BuiltIn">
<arg>Unsuccessful Login</arg>
<doc>Logs the given message with the given level.</doc>
<msg timestamp="20220621 20:05:22.176" level="INFO">Unsuccessful Login</msg>
<status status="PASS" starttime="20220621 20:05:22.175" endtime="20220621 20:05:22.176"/>
</kw>
<status status="PASS" starttime="20220621 20:05:22.174" endtime="20220621 20:05:22.176"/>
</kw>
<status status="PASS" starttime="20220621 20:05:21.617" endtime="20220621 20:05:22.177"/>
</kw>
<kw name="Close All Browsers" library="SeleniumLibrary" type="TEARDOWN">
<doc>Closes all open browsers and resets the browser cache.</doc>
[...]
<arg>chrome</arg>
<doc>Opens a new browser instance to the optional ``url``.</doc>
<msg timestamp="20220621 20:05:24.426" level="INFO">Opening browser 'chrome' to base url 'https://rahulshettyacademy.com/loginpagePractise/'.</msg>
<status status="PASS" starttime="20220621 20:05:24.424" endtime="20220621 20:05:26.983"/>
</kw>
<kw name="Maximize Browser Window" library="SeleniumLibrary">
<doc>Maximizes current browser window.</doc>
<status status="PASS" starttime="20220621 20:05:26.984" endtime="20220621 20:05:27.115"/>
</kw>
<status status="PASS" starttime="20220621 20:05:24.423" endtime="20220621 20:05:27.116"/>
</kw>
<kw name="Login To RahulShetty">
<arg>${User}</arg>
<arg>${EMPTY}</arg>
<arg>${EMPTY_Failure}</arg>
<doc>Keyword used for Login</doc>
<kw name="Input Text" library="SeleniumLibrary">
<arg>${Username}</arg>
<arg>${uname}</arg>
<doc>Types the given ``text`` into the text field identified by ``locator``.</doc>
<msg timestamp="20220621 20:05:27.119" level="INFO">Typing text 'rahulshettyacademy' into text field 'username'.</msg>
<status status="PASS" starttime="20220621 20:05:27.118" endtime="20220621 20:05:27.330"/>
</kw>
<kw name="Input Password" library="SeleniumLibrary">
<arg>${Password}</arg>
<arg>${pword}</arg>
<doc>Types the given password into the text field identified by ``locator``.</doc>
<msg timestamp="20220621 20:05:27.331" level="INFO">Typing password into text field 'password'.</msg>
<msg timestamp="20220621 20:05:27.417" level="INFO">Temporally setting log level to: NONE</msg>
<msg timestamp="20220621 20:05:27.471" level="INFO">Log level changed from NONE to INFO.</msg>
<status status="PASS" starttime="20220621 20:05:27.330" endtime="20220621 20:05:27.471"/>
</kw>
<kw name="Select Checkbox" library="SeleniumLibrary">
<arg>${TnC}</arg>
<doc>Selects the checkbox identified by ``locator``.</doc>
<msg timestamp="20220621 20:05:27.472" level="INFO">Selecting checkbox 'terms'.</msg>
<status status="PASS" starttime="20220621 20:05:27.472" endtime="20220621 20:05:27.555"/>
</kw>
<kw name="Click Button" library="SeleniumLibrary">
<arg>${SignIn}</arg>
<doc>Clicks the button identified by ``locator``.</doc>
<msg timestamp="20220621 20:05:27.555" level="INFO">Clicking button 'signInBtn'.</msg>
<status status="PASS" starttime="20220621 20:05:27.555" endtime="20220621 20:05:27.636"/>
</kw>
<kw name="Run Keyword And Return Status" library="BuiltIn">
<var>${bool}</var>
<arg>Capture Error Message</arg>
<arg>${Error_Message_Displayed}</arg>
<doc>Runs the given keyword with given arguments and returns the status as a Boolean value.</doc>
<kw name="Capture Error Message">
<arg>${Error_Message_Displayed}</arg>
<doc>This Keyword will capture Error Message</doc>
<kw name="Wait Until Element Is Visible" library="SeleniumLibrary">
<arg>${Error}</arg>
<arg>10</arg>
<doc>Waits until the element ``locator`` is visible.</doc>
<status status="PASS" starttime="20220621 20:05:27.638" endtime="20220621 20:05:27.679"/>
</kw>
<kw name="Get Text" library="SeleniumLibrary">
<var>${Error_Message}</var>
<arg>${Error}</arg>
<doc>Returns the text value of the element identified by ``locator``.</doc>
<msg timestamp="20220621 20:05:27.714" level="INFO">${Error_Message} = Empty username/password.</msg>
<status status="PASS" starttime="20220621 20:05:27.679" endtime="20220621 20:05:27.714"/>
</kw>
<kw name="Should Be Equal As Strings" library="BuiltIn">
<arg>${Error_Message}</arg>
<arg>${Error_Message_Displayed}</arg>
<doc>Fails if objects are unequal after converting them to strings.</doc>
<status status="PASS" starttime="20220621 20:05:27.714" endtime="20220621 20:05:27.715"/>
</kw>
<kw name="Log" library="BuiltIn">
<arg>${Error_Message}</arg>
<doc>Logs the given message with the given level.</doc>
<msg timestamp="20220621 20:05:27.715" level="INFO">Empty username/password.</msg>
<status status="PASS" starttime="20220621 20:05:27.715" endtime="20220621 20:05:27.715"/>
</kw>
<status status="PASS" starttime="20220621 20:05:27.637" endtime="20220621 20:05:27.715"/>
</kw>
<msg timestamp="20220621 20:05:27.716" level="INFO">${bool} = True</msg>
<status status="PASS" starttime="20220621 20:05:27.637" endtime="20220621 20:05:27.716"/>
</kw>
<kw name="Run Keyword If" library="BuiltIn">
<arg>${bool}</arg>
<arg>Log</arg>
<arg>Unsuccessful Login</arg>
<arg>ELSE</arg>
<arg>Log</arg>
<arg>Successful Login</arg>
<doc>Runs the given keyword with the given arguments, if ``condition`` is true.</doc>
<kw name="Log" library="BuiltIn">
<arg>Unsuccessful Login</arg>
<doc>Logs the given message with the given level.</doc>
<msg timestamp="20220621 20:05:27.716" level="INFO">Unsuccessful Login</msg>
<status status="PASS" starttime="20220621 20:05:27.716" endtime="20220621 20:05:27.717"/>
</kw>
<status status="PASS" starttime="20220621 20:05:27.716" endtime="20220621 20:05:27.717"/>
</kw>
<status status="PASS" starttime="20220621 20:05:27.116" endtime="20220621 20:05:27.717"/>
</kw>
<kw name="Close All Browsers" library="SeleniumLibrary" type="TEARDOWN">
<doc>Closes all open browsers and resets the browser cache.</doc>
<status status="PASS" starttime="20220621 20:05:27.717" endtime="20220621 20:05:29.927"/>
</kw>
<status status="PASS" starttime="20220621 20:05:24.421" endtime="20220621 20:05:29.927"/>
</test>
<test id="s1-s4-t5" name="Sucess Login">
<kw name="Run Keywords" library="BuiltIn" type="SETUP">
<arg>Open Browser</arg>
<arg>https://rahulshettyacademy.com/loginpagePractise/</arg>
<arg>chrome</arg>
<arg>AND</arg>
<arg>maximize browser window</arg>
<doc>Executes all the given keywords in a sequence.</doc>
<kw name="Open Browser" library="SeleniumLibrary">
<arg>https://rahulshettyacademy.com/loginpagePractise/</arg>
<arg>chrome</arg>
<doc>Opens a new browser instance to the optional ``url``.</doc>
<msg timestamp="20220621 20:05:29.933" level="INFO">Opening browser 'chrome' to base url 'https://rahulshettyacademy.com/loginpagePractise/'.</msg>
<status status="PASS" starttime="20220621 20:05:29.933" endtime="20220621 20:05:32.810"/>
</kw>
<kw name="Maximize Browser Window" library="SeleniumLibrary">
<doc>Maximizes current browser window.</doc>
<status status="PASS" starttime="20220621 20:05:32.810" endtime="20220621 20:05:32.941"/>
</kw>
<status status="PASS" starttime="20220621 20:05:29.932" endtime="20220621 20:05:32.941"/>
</kw>
<kw name="Login To RahulShetty">
<arg>${User}</arg>
<arg>${Pass}</arg>
<arg>${Success}</arg>
<doc>Keyword used for Login</doc>
<kw name="Input Text" library="SeleniumLibrary">
<arg>${Username}</arg>
<arg>${uname}</arg>
<doc>Types the given ``text`` into the text field identified by ``locator``.</doc>
<msg timestamp="20220621 20:05:32.943" level="INFO">Typing text 'rahulshettyacademy' into text field 'username'.</msg>
<status status="PASS" starttime="20220621 20:05:32.942" endtime="20220621 20:05:33.189"/>
</kw>
<kw name="Input Password" library="SeleniumLibrary">
<arg>${Password}</arg>
<arg>${pword}</arg>
<doc>Types the given password into the text field identified by ``locator``.</doc>
<msg timestamp="20220621 20:05:33.190" level="INFO">Typing password into text field 'password'.</msg>
<msg timestamp="20220621 20:05:33.246" level="INFO">Temporally setting log level to: NONE</msg>
<msg timestamp="20220621 20:05:33.304" level="INFO">Log level changed from NONE to INFO.</msg>
<status status="PASS" starttime="20220621 20:05:33.190" endtime="20220621 20:05:33.304"/>
</kw>
<kw name="Select Checkbox" library="SeleniumLibrary">
<arg>${TnC}</arg>
<doc>Selects the checkbox identified by ``locator``.</doc>
<msg timestamp="20220621 20:05:33.304" level="INFO">Selecting checkbox 'terms'.</msg>
<status status="PASS" starttime="20220621 20:05:33.304" endtime="20220621 20:05:33.382"/>
</kw>
<kw name="Click Button" library="SeleniumLibrary">
<arg>${SignIn}</arg>
<doc>Clicks the button identified by ``locator``.</doc>
<msg timestamp="20220621 20:05:33.383" level="INFO">Clicking button 'signInBtn'.</msg>
<status status="PASS" starttime="20220621 20:05:33.382" endtime="20220621 20:05:33.448"/>
</kw>
<kw name="Run Keyword And Return Status" library="BuiltIn">
<var>${bool}</var>
<arg>Capture Error Message</arg>
<arg>${Error_Message_Displayed}</arg>
<doc>Runs the given keyword with given arguments and returns the status as a Boolean value.</doc>
<kw name="Capture Error Message">
<arg>${Error_Message_Displayed}</arg>
<doc>This Keyword will capture Error Message</doc>
<kw name="Wait Until Element Is Visible" library="SeleniumLibrary">
<arg>${Error}</arg>
<arg>10</arg>
<doc>Waits until the element ``locator`` is visible.</doc>
<msg timestamp="20220621 20:05:43.889" level="INFO" html="true">&lt;/td&gt;&lt;/tr&gt;&lt;tr&gt;&lt;td colspan="3"&gt;&lt;a href="selenium-screenshot-14.png"&gt;&lt;img src="selenium-screenshot-14.png" width="800px"&gt;&lt;/a&gt;</msg>
<msg timestamp="20220621 20:05:43.891" level="FAIL">Element '//div[@class="alert alert-danger col-md-12"]' not visible after 10 seconds.</msg>
<status status="FAIL" starttime="20220621 20:05:33.449" endtime="20220621 20:05:43.891"/>
</kw>
<kw name="Get Text" library="SeleniumLibrary">
<var>${Error_Message}</var>
<arg>${Error}</arg>
<doc>Returns the text value of the element identified by ``locator``.</doc>
<status status="NOT RUN" starttime="20220621 20:05:43.892" endtime="20220621 20:05:43.892"/>
</kw>
<kw name="Should Be Equal As Strings" library="BuiltIn">
<arg>${Error_Message}</arg>
<arg>${Error_Message_Displayed}</arg>
<doc>Fails if objects are unequal after converting them to strings.</doc>
<status status="NOT RUN" starttime="20220621 20:05:43.892" endtime="20220621 20:05:43.892"/>
</kw>
<kw name="Log" library="BuiltIn">
<arg>${Error_Message}</arg>
<doc>Logs the given message with the given level.</doc>
<status status="NOT RUN" starttime="20220621 20:05:43.893" endtime="20220621 20:05:43.893"/>
</kw>
<status status="FAIL" starttime="20220621 20:05:33.448" endtime="20220621 20:05:43.894"/>
</kw>
<msg timestamp="20220621 20:05:43.895" level="INFO">${bool} = False</msg>
<status status="PASS" starttime="20220621 20:05:33.448" endtime="20220621 20:05:43.895"/>
</kw>
<kw name="Run Keyword If" library="BuiltIn">
<arg>${bool}</arg>
<arg>Log</arg>
<arg>Unsuccessful Login</arg>
<arg>ELSE</arg>
<arg>Log</arg>
<arg>Successful Login</arg>
<doc>Runs the given keyword with the given arguments, if ``condition`` is true.</doc>
<kw name="Log" library="BuiltIn">
<arg>Successful Login</arg>
<doc>Logs the given message with the given level.</doc>
<msg timestamp="20220621 20:05:43.896" level="INFO">Successful Login</msg>
<status status="PASS" starttime="20220621 20:05:43.896" endtime="20220621 20:05:43.896"/>
</kw>
<status status="PASS" starttime="20220621 20:05:43.895" endtime="20220621 20:05:43.897"/>
</kw>
<status status="PASS" starttime="20220621 20:05:32.941" endtime="20220621 20:05:43.897"/>
</kw>
<kw name="Close All Browsers" library="SeleniumLibrary" type="TEARDOWN">
<doc>Closes all open browsers and resets the browser cache.</doc>
<status status="PASS" starttime="20220621 20:05:43.897" endtime="20220621 20:05:46.186"/>
</kw>
<status status="PASS" starttime="20220621 20:05:29.930" endtime="20220621 20:05:46.186"/>
</test>
<doc>This page is for testing</doc>
<status status="PASS" starttime="20220621 20:05:02.403" endtime="20220621 20:05:46.189"/>
</suite>
<suite id="s1-s5" name="TestDemo5" source="D:\Robot Framework\Test\TestDemo5.robot">
<test id="s1-s5-t1" name="Login With Username ${uname} And ${pword} With ${Error_Message_Displayed}">
<kw name="Run Keywords" library="BuiltIn" type="SETUP">
<arg>Open Browser</arg>
<arg>https://rahulshettyacademy.com/loginpagePractise/</arg>
<arg>chrome</arg>
<arg>AND</arg>
<arg>maximize browser window</arg>
<doc>Executes all the given keywords in a sequence.</doc>
<kw name="Open Browser" library="SeleniumLibrary">
<arg>https://rahulshettyacademy.com/loginpagePractise/</arg>
<arg>chrome</arg>
<doc>Opens a new browser instance to the optional ``url``.</doc>
<msg timestamp="20220621 20:05:46.212" level="INFO">Opening browser 'chrome' to base url 'https://rahulshettyacademy.com/loginpagePractise/'.</msg>
<status status="PASS" starttime="20220621 20:05:46.211" endtime="20220621 20:05:50.762"/>
</kw>
<kw name="Maximize Browser Window" library="SeleniumLibrary">
<doc>Maximizes current browser window.</doc>
<status status="PASS" starttime="20220621 20:05:50.762" endtime="20220621 20:05:51.546"/>
</kw>
<status status="PASS" starttime="20220621 20:05:46.211" endtime="20220621 20:05:51.547"/>
</kw>
<kw name="Login To RahulShetty">
<arg>abc</arg>
<arg>xyz</arg>
<arg>pqr</arg>
<doc>Keyword used for Login</doc>
<kw name="Input Text" library="SeleniumLibrary">
<arg>${Username}</arg>
<arg>${uname}</arg>
<doc>Types the given ``text`` into the text field identified by ``locator``.</doc>
<msg timestamp="20220621 20:05:51.552" level="INFO">Typing text 'abc' into text field 'username'.</msg>
<status status="PASS" starttime="20220621 20:05:51.549" endtime="20220621 20:05:52.696"/>
</kw>
<kw name="Input Password" library="SeleniumLibrary">
<arg>${Password}</arg>
<arg>${pword}</arg>
<doc>Types the given password into the text field identified by ``locator``.</doc>
<msg timestamp="20220621 20:05:52.697" level="INFO">Typing password into text field 'password'.</msg>
<msg timestamp="20220621 20:05:52.989" level="INFO">Temporally setting log level to: NONE</msg>
<msg timestamp="20220621 20:05:53.277" level="INFO">Log level changed from NONE to INFO.</msg>
<status status="PASS" starttime="20220621 20:05:52.696" endtime="20220621 20:05:53.277"/>
</kw>
<kw name="Select Checkbox" library="SeleniumLibrary">
<arg>${TnC}</arg>
<doc>Selects the checkbox identified by ``locator``.</doc>
<msg timestamp="20220621 20:05:53.278" level="INFO">Selecting checkbox 'terms'.</msg>
<status status="PASS" starttime="20220621 20:05:53.277" endtime="20220621 20:05:53.447"/>
</kw>
<kw name="Click Button" library="SeleniumLibrary">
<arg>${SignIn}</arg>
<doc>Clicks the button identified by ``locator``.</doc>
<msg timestamp="20220621 20:05:53.448" level="INFO">Clicking button 'signInBtn'.</msg>
<status status="PASS" starttime="20220621 20:05:53.447" endtime="20220621 20:05:53.609"/>
</kw>
<kw name="Run Keyword And Return Status" library="BuiltIn">
<var>${bool}</var>
<arg>Capture Error Message</arg>
<arg>${Error_Message_Displayed}</arg>
<doc>Runs the given keyword with given arguments and returns the status as a Boolean value.</doc>
<kw name="Capture Error Message">
<arg>${Error_Message_Displayed}</arg>
<doc>This Keyword will capture Error Message</doc>
<kw name="Wait Until Element Is Visible" library="SeleniumLibrary">
<arg>${Error}</arg>
<arg>10</arg>
<doc>Waits until the element ``locator`` is visible.</doc>
<status status="PASS" starttime="20220621 20:05:53.611" endtime="20220621 20:05:55.640"/>
</kw>
<kw name="Get Text" library="SeleniumLibrary">
<var>${Error_Message}</var>
<arg>${Error}</arg>
<doc>Returns the text value of the element identified by ``locator``.</doc>
<msg timestamp="20220621 20:05:55.686" level="INFO">${Error_Message} = Incorrect username/password.</msg>
<status status="PASS" starttime="20220621 20:05:55.641" endtime="20220621 20:05:55.686"/>
</kw>
<kw name="Should Be Equal As Strings" library="BuiltIn">
<arg>${Error_Message}</arg>
<arg>${Error_Message_Displayed}</arg>
<doc>Fails if objects are unequal after converting them to strings.</doc>
<msg timestamp="20220621 20:05:55.689" level="FAIL">Incorrect username/password. != pqr</msg>
<status status="FAIL" starttime="20220621 20:05:55.687" endtime="20220621 20:05:55.689"/>
</kw>
<kw name="Log" library="BuiltIn">
<arg>${Error_Message}</arg>
<doc>Logs the given message with the given level.</doc>
<status status="NOT RUN" starttime="20220621 20:05:55.690" endtime="20220621 20:05:55.690"/>
</kw>
<status status="FAIL" starttime="20220621 20:05:53.610" endtime="20220621 20:05:55.691"/>
</kw>
<msg timestamp="20220621 20:05:55.691" level="INFO">${bool} = False</msg>
<status status="PASS" starttime="20220621 20:05:53.609" endtime="20220621 20:05:55.692"/>
</kw>
<kw name="Run Keyword If" library="BuiltIn">
<arg>${bool}</arg>
<arg>Log</arg>
<arg>Unsuccessful Login</arg>
<arg>ELSE</arg>
<arg>Log</arg>
<arg>Successful Login</arg>
<doc>Runs the given keyword with the given arguments, if ``condition`` is true.</doc>
<kw name="Log" library="BuiltIn">
<arg>Successful Login</arg>
<doc>Logs the given message with the given level.</doc>
<msg timestamp="20220621 20:05:55.693" level="INFO">Successful Login</msg>
<status status="PASS" starttime="20220621 20:05:55.693" endtime="20220621 20:05:55.693"/>
</kw>
<status status="PASS" starttime="20220621 20:05:55.692" endtime="20220621 20:05:55.694"/>
</kw>
<status status="PASS" starttime="20220621 20:05:51.547" endtime="20220621 20:05:55.694"/>
</kw>
<kw name="Close All Browsers" library="SeleniumLibrary" type="TEARDOWN">
<doc>Closes all open browsers and resets the browser cache.</doc>
<status status="PASS" starttime="20220621 20:05:55.694" endtime="20220621 20:05:58.195"/>
</kw>
<status status="PASS" starttime="20220621 20:05:46.210" endtime="20220621 20:05:58.195"/>
</test>
<doc>This page is for testing</doc>
<status status="PASS" starttime="20220621 20:05:46.195" endtime="20220621 20:05:58.200"/>
</suite>
<suite id="s1-s6" name="TestDemo6" source="D:\Robot Framework\Test\TestDemo6.robot">
<test id="s1-s6-t1" name="Print Hello World Here">
<kw name="Print Hello World" library="Hello World">
<msg timestamp="20220621 20:05:58.227" level="INFO">Hello World</msg>
<status status="PASS" starttime="20220621 20:05:58.227" endtime="20220621 20:05:58.228"/>
</kw>
<status status="PASS" starttime="20220621 20:05:58.226" endtime="20220621 20:05:58.228"/>
</test>
<test id="s1-s6-t2" name="Print Shop Here">
<kw name="Add Items To Cart" library="shop">
<msg timestamp="20220621 20:05:58.230" level="INFO">Add Items To Cart</msg>
<status status="PASS" starttime="20220621 20:05:58.230" endtime="20220621 20:05:58.231"/>
</kw>
<status status="PASS" starttime="20220621 20:05:58.229" endtime="20220621 20:05:58.231"/>
</test>
<doc>This page is for testing</doc>
<status status="PASS" starttime="20220621 20:05:58.207" endtime="20220621 20:05:58.232"/>
</suite>
<status status="FAIL" starttime="20220621 20:01:25.912" endtime="20220621 20:05:58.236"/>
</suite>
<statistics>
<total>
<stat pass="14" fail="2" skip="0">All Tests</stat>
</total>
<tag>
<stat pass="2" fail="0" skip="0">Smoke</stat>
<stat pass="2" fail="2" skip="0">SmokeDemo</stat>
<stat pass="1" fail="0" skip="0">SmokeDemo2</stat>
<stat pass="1" fail="0" skip="0">SmokeDemo3</stat>
</tag>
<suite>
<stat pass="14" fail="2" skip="0" id="s1" name="Test">Test</stat>
<stat pass="2" fail="0" skip="0" id="s1-s1" name="TestDemo1">Test.TestDemo1</stat>
<stat pass="3" fail="2" skip="0" id="s1-s2" name="TestDemo2">Test.TestDemo2</stat>
<stat pass="1" fail="0" skip="0" id="s1-s3" name="TestDemo3">Test.TestDemo3</stat>
<stat pass="5" fail="0" skip="0" id="s1-s4" name="TestDemo4">Test.TestDemo4</stat>
<stat pass="1" fail="0" skip="0" id="s1-s5" name="TestDemo5">Test.TestDemo5</stat>
<stat pass="2" fail="0" skip="0" id="s1-s6" name="TestDemo6">Test.TestDemo6</stat>
</suite>
</statistics>
<errors>
<msg timestamp="20220621 20:05:46.207" level="ERROR">Error in file 'D:\Robot Framework\Test\TestDemo5.robot' on line 5: Importing library 'DataDriver' failed: ModuleNotFoundError: No module named 'DataDriver'
Traceback (most recent call last):
  None
PYTHONPATH:
  C:\ProgramData\Anaconda3\Scripts\robot.exe
  c:\programdata\anaconda3\python38.zip
  c:\programdata\anaconda3\DLLs
  c:\programdata\anaconda3\lib
  c:\programdata\anaconda3
  C:\Users\inkshil\AppData\Roaming\Python\Python38\site-packages
  c:\programdata\anaconda3\lib\site-packages
  c:\programdata\anaconda3\lib\site-packages\locket-0.2.1-py3.8.egg
  c:\programdata\anaconda3\lib\site-packages\win32
  c:\programdata\anaconda3\lib\site-packages\win32\lib
  c:\programdata\anaconda3\lib\site-packages\Pythonwin</msg>
</errors>
</robot>
